Using pre-set license
Built from '2020.3/staging' branch; Version is '2020.3.16f1 (049d6eca3c44) revision 302446'; Using compiler version '192528614'; Build Type 'Release'
OS: 'Windows 10 Pro; OS build 19042.1165; Version 2009; 64bit' Language: 'en' Physical Memory: 16333 MB
BatchMode: 1, IsHumanControllingUs: 0, StartBugReporterOnCrash: 0, Is64bit: 1, IsPro: 0

 COMMAND LINE ARGUMENTS:
C:\Program Files\Unity\Hub\Editor\2020.3.16f1\Editor\Unity.exe
-adb2
-batchMode
-noUpm
-name
AssetImportWorker0
-projectPath
C:/Users/salam/Projects/Unity/ssnj-team-emotional-supp/src/Team Emotional Supp
-logFile
Logs/AssetImportWorker0.log
-srvPort
57902
Successfully changed project path to: C:/Users/salam/Projects/Unity/ssnj-team-emotional-supp/src/Team Emotional Supp
C:/Users/salam/Projects/Unity/ssnj-team-emotional-supp/src/Team Emotional Supp
Using Asset Import Pipeline V2.
Refreshing native plugins compatible for Editor in 39.94 ms, found 3 plugins.
Preloading 0 native plugins for Editor in 0.00 ms.
Initialize engine version: 2020.3.16f1 (049d6eca3c44)
[Subsystems] Discovering subsystems at path C:/Program Files/Unity/Hub/Editor/2020.3.16f1/Editor/Data/Resources/UnitySubsystems
[Subsystems] Discovering subsystems at path C:/Users/salam/Projects/Unity/ssnj-team-emotional-supp/src/Team Emotional Supp/Assets
GfxDevice: creating device client; threaded=0
Direct3D:
    Version:  Direct3D 11.0 [level 11.1]
    Renderer: AMD Radeon RX 5700 XT (ID=0x731f)
    Vendor:   
    VRAM:     8151 MB
    Driver:   27.20.15003.1004
Initialize mono
Mono path[0] = 'C:/Program Files/Unity/Hub/Editor/2020.3.16f1/Editor/Data/Managed'
Mono path[1] = 'C:/Program Files/Unity/Hub/Editor/2020.3.16f1/Editor/Data/MonoBleedingEdge/lib/mono/unityjit'
Mono config path = 'C:/Program Files/Unity/Hub/Editor/2020.3.16f1/Editor/Data/MonoBleedingEdge/etc'
Using monoOptions --debugger-agent=transport=dt_socket,embedding=1,server=y,suspend=n,address=127.0.0.1:56848
Begin MonoManager ReloadAssembly
Registering precompiled unity dll's ...
Register platform support module: C:/Program Files/Unity/Hub/Editor/2020.3.16f1/Editor/Data/PlaybackEngines/WebGLSupport/UnityEditor.WebGL.Extensions.dll
Register platform support module: C:/Program Files/Unity/Hub/Editor/2020.3.16f1/Editor/Data/PlaybackEngines/WindowsStandaloneSupport/UnityEditor.WindowsStandalone.Extensions.dll
Registered in 0.002044 seconds.
Native extension for WindowsStandalone target not found
Native extension for WebGL target not found
Refreshing native plugins compatible for Editor in 39.77 ms, found 3 plugins.
Preloading 0 native plugins for Editor in 0.00 ms.
Mono: successfully reloaded assembly
- Completed reload, in  0.957 seconds
Domain Reload Profiling:
	ReloadAssembly (957ms)
		BeginReloadAssembly (49ms)
			ExecutionOrderSort (0ms)
			DisableScriptedObjects (0ms)
			BackupInstance (0ms)
			ReleaseScriptingObjects (0ms)
			CreateAndSetChildDomain (1ms)
		EndReloadAssembly (340ms)
			LoadAssemblies (47ms)
			RebuildTransferFunctionScriptingTraits (0ms)
			SetupTypeCache (121ms)
			ReleaseScriptCaches (0ms)
			RebuildScriptCaches (25ms)
			SetupLoadedEditorAssemblies (137ms)
				LogAssemblyErrors (0ms)
				InitializePlatformSupportModulesInManaged (4ms)
				SetLoadedEditorAssemblies (0ms)
				RefreshPlugins (40ms)
				BeforeProcessingInitializeOnLoad (8ms)
				ProcessInitializeOnLoadAttributes (63ms)
				ProcessInitializeOnLoadMethodAttributes (22ms)
				AfterProcessingInitializeOnLoad (0ms)
				EditorAssembliesLoaded (0ms)
			ExecutionOrderSort2 (0ms)
			AwakeInstancesAfterBackupRestoration (0ms)
Platform modules already initialized, skipping
Registering precompiled user dll's ...
Registered in 0.003439 seconds.
Begin MonoManager ReloadAssembly
Native extension for WindowsStandalone target not found
Native extension for WebGL target not found
Refreshing native plugins compatible for Editor in 40.00 ms, found 3 plugins.
Preloading 0 native plugins for Editor in 0.00 ms.
Mono: successfully reloaded assembly
- Completed reload, in  1.005 seconds
Domain Reload Profiling:
	ReloadAssembly (1006ms)
		BeginReloadAssembly (123ms)
			ExecutionOrderSort (0ms)
			DisableScriptedObjects (4ms)
			BackupInstance (0ms)
			ReleaseScriptingObjects (0ms)
			CreateAndSetChildDomain (16ms)
		EndReloadAssembly (829ms)
			LoadAssemblies (77ms)
			RebuildTransferFunctionScriptingTraits (0ms)
			SetupTypeCache (248ms)
			ReleaseScriptCaches (1ms)
			RebuildScriptCaches (45ms)
			SetupLoadedEditorAssemblies (357ms)
				LogAssemblyErrors (0ms)
				InitializePlatformSupportModulesInManaged (4ms)
				SetLoadedEditorAssemblies (0ms)
				RefreshPlugins (40ms)
				BeforeProcessingInitializeOnLoad (60ms)
				ProcessInitializeOnLoadAttributes (236ms)
				ProcessInitializeOnLoadMethodAttributes (11ms)
				AfterProcessingInitializeOnLoad (5ms)
				EditorAssembliesLoaded (0ms)
			ExecutionOrderSort2 (0ms)
			AwakeInstancesAfterBackupRestoration (5ms)
Platform modules already initialized, skipping
========================================================================
Worker process is ready to serve import requests
Launched and connected shader compiler UnityShaderCompiler.exe after 0.04 seconds
Refreshing native plugins compatible for Editor in 0.58 ms, found 3 plugins.
Preloading 0 native plugins for Editor in 0.00 ms.
Unloading 2245 Unused Serialized files (Serialized files now loaded: 0)
System memory in use before: 98.8 MB.
System memory in use after: 98.9 MB.

Unloading 29 unused Assets to reduce memory usage. Loaded Objects now: 2682.
Total: 3.008100 ms (FindLiveObjects: 0.212400 ms CreateObjectMapping: 0.050600 ms MarkObjects: 2.678400 ms  DeleteObjects: 0.065700 ms)

AssetImportParameters requested are different than current active one (requested -> active):
  custom:framework-win-MediaFoundation: 216162199b28c13a410421893ffa2e32 -> 
  custom:video-decoder-ogg-theora: a1e56fd34408186e4bbccfd4996cb3dc -> 
  custom:container-muxer-webm: aa71ff27fc2769a1b78a27578f13a17b -> 
  custom:container-demuxer-webm: 4f35f7cbe854078d1ac9338744f61a02 -> 
  custom:container-demuxer-ogg: 62fdf1f143b41e24485cea50d1cbac27 -> 
  custom:video-encoder-webm-vp8: eb34c28f22e8b96e1ab97ce403110664 -> 
  custom:video-decoder-webm-vp8: 9c59270c3fd7afecdb556c50c9e8de78 -> 
  custom:audio-decoder-ogg-vorbis: bf7c407c2cedff20999df2af8eb42d56 -> 
  custom:audio-encoder-webm-vorbis: bf7c407c2cedff20999df2af8eb42d56 -> 
========================================================================
Received Import Request.
  path: Assets/Slippery.physicsMaterial2D
  artifactKey: Guid(ae916e6e37df5d640930a663c425175f) Importer(815301076,1909f56bfc062723c751e8b465ee728b)
Start importing Assets/Slippery.physicsMaterial2D using Guid(ae916e6e37df5d640930a663c425175f) Importer(815301076,1909f56bfc062723c751e8b465ee728b)  -> (artifact id: 'cccfeb1981c1ead6467c9261e2756e04') in 0.032045 seconds 
  Import took 0.035206 seconds .

========================================================================
Received Prepare
Refreshing native plugins compatible for Editor in 3.29 ms, found 3 plugins.
Preloading 0 native plugins for Editor in 0.00 ms.
Unloading 14 Unused Serialized files (Serialized files now loaded: 0)
System memory in use before: 53.3 MB.
System memory in use after: 53.4 MB.

Unloading 14 unused Assets to reduce memory usage. Loaded Objects now: 2682.
Total: 3.238000 ms (FindLiveObjects: 0.251500 ms CreateObjectMapping: 0.054100 ms MarkObjects: 2.917500 ms  DeleteObjects: 0.013900 ms)

AssetImportParameters requested are different than current active one (requested -> active):
  custom:framework-win-MediaFoundation: 216162199b28c13a410421893ffa2e32 -> 
  custom:video-decoder-ogg-theora: a1e56fd34408186e4bbccfd4996cb3dc -> 
  custom:container-muxer-webm: aa71ff27fc2769a1b78a27578f13a17b -> 
  custom:container-demuxer-webm: 4f35f7cbe854078d1ac9338744f61a02 -> 
  custom:container-demuxer-ogg: 62fdf1f143b41e24485cea50d1cbac27 -> 
  custom:video-encoder-webm-vp8: eb34c28f22e8b96e1ab97ce403110664 -> 
  custom:video-decoder-webm-vp8: 9c59270c3fd7afecdb556c50c9e8de78 -> 
  custom:audio-decoder-ogg-vorbis: bf7c407c2cedff20999df2af8eb42d56 -> 
  custom:audio-encoder-webm-vorbis: bf7c407c2cedff20999df2af8eb42d56 -> 
========================================================================
Received Import Request.
  Time since last request: 3.880926 seconds.
  path: Assets/Prefabs
  artifactKey: Guid(add011d4b211dd540a4580e65118fca2) Importer(815301076,1909f56bfc062723c751e8b465ee728b)
Start importing Assets/Prefabs using Guid(add011d4b211dd540a4580e65118fca2) Importer(815301076,1909f56bfc062723c751e8b465ee728b)  -> (artifact id: '90f57c8f2dad7af0370b10dab4b5f783') in 0.007539 seconds 
  Import took 0.010545 seconds .

========================================================================
Received Import Request.
  Time since last request: 3.137060 seconds.
  path: Assets/Prefabs/Player.prefab
  artifactKey: Guid(eed17bc79b334bc4387808cb55882cbc) Importer(815301076,1909f56bfc062723c751e8b465ee728b)
Start importing Assets/Prefabs/Player.prefab using Guid(eed17bc79b334bc4387808cb55882cbc) Importer(815301076,1909f56bfc062723c751e8b465ee728b)  -> (artifact id: 'cffdcd0306494b744799202cfc7af80b') in 0.067426 seconds 
  Import took 0.070998 seconds .

========================================================================
Received Prepare
Registering precompiled user dll's ...
Registered in 0.004294 seconds.
Begin MonoManager ReloadAssembly
Native extension for WindowsStandalone target not found
Native extension for WebGL target not found
Refreshing native plugins compatible for Editor in 0.68 ms, found 3 plugins.
Preloading 0 native plugins for Editor in 0.00 ms.
Mono: successfully reloaded assembly
- Completed reload, in  0.988 seconds
Domain Reload Profiling:
	ReloadAssembly (989ms)
		BeginReloadAssembly (159ms)
			ExecutionOrderSort (0ms)
			DisableScriptedObjects (12ms)
			BackupInstance (0ms)
			ReleaseScriptingObjects (0ms)
			CreateAndSetChildDomain (78ms)
		EndReloadAssembly (773ms)
			LoadAssemblies (84ms)
			RebuildTransferFunctionScriptingTraits (0ms)
			SetupTypeCache (256ms)
			ReleaseScriptCaches (1ms)
			RebuildScriptCaches (37ms)
			SetupLoadedEditorAssemblies (312ms)
				LogAssemblyErrors (0ms)
				InitializePlatformSupportModulesInManaged (5ms)
				SetLoadedEditorAssemblies (0ms)
				RefreshPlugins (1ms)
				BeforeProcessingInitializeOnLoad (53ms)
				ProcessInitializeOnLoadAttributes (241ms)
				ProcessInitializeOnLoadMethodAttributes (5ms)
				AfterProcessingInitializeOnLoad (5ms)
				EditorAssembliesLoaded (0ms)
			ExecutionOrderSort2 (0ms)
			AwakeInstancesAfterBackupRestoration (8ms)
Platform modules already initialized, skipping
Refreshing native plugins compatible for Editor in 0.71 ms, found 3 plugins.
Preloading 0 native plugins for Editor in 0.00 ms.
Unloading 2417 Unused Serialized files (Serialized files now loaded: 0)
System memory in use before: 107.7 MB.
System memory in use after: 107.9 MB.

Unloading 17 unused Assets to reduce memory usage. Loaded Objects now: 2876.
Total: 3.177800 ms (FindLiveObjects: 0.252800 ms CreateObjectMapping: 0.060700 ms MarkObjects: 2.845800 ms  DeleteObjects: 0.017400 ms)

AssetImportParameters requested are different than current active one (requested -> active):
  custom:framework-win-MediaFoundation: 216162199b28c13a410421893ffa2e32 -> 
  custom:video-decoder-ogg-theora: a1e56fd34408186e4bbccfd4996cb3dc -> 
  custom:container-muxer-webm: aa71ff27fc2769a1b78a27578f13a17b -> 
  custom:container-demuxer-webm: 4f35f7cbe854078d1ac9338744f61a02 -> 
  custom:container-demuxer-ogg: 62fdf1f143b41e24485cea50d1cbac27 -> 
  custom:video-encoder-webm-vp8: eb34c28f22e8b96e1ab97ce403110664 -> 
  custom:video-decoder-webm-vp8: 9c59270c3fd7afecdb556c50c9e8de78 -> 
  custom:audio-decoder-ogg-vorbis: bf7c407c2cedff20999df2af8eb42d56 -> 
  custom:audio-encoder-webm-vorbis: bf7c407c2cedff20999df2af8eb42d56 -> 
========================================================================
Received Prepare
Registering precompiled user dll's ...
Registered in 0.004832 seconds.
Begin MonoManager ReloadAssembly
Symbol file LoadedFromMemory is not a mono symbol file
Error: Could not load signature of Unity.UI.Builder.BuilderTextShadow:.ctor due to: Could not resolve type with token 010000e6 (from typeref, class/assembly UnityEngine.UIElements.StyleTextShadow, UnityEngine.UIElementsModule, Version=1.0.0.0, Culture=neutral, PublicKeyToken=null) assembly:UnityEngine.UIElementsModule, Version=1.0.0.0, Culture=neutral, PublicKeyToken=null type:UnityEngine.UIElements.StyleTextShadow member:(null) signature:<none>

The scripted importer 'UIElementsViewImporter' attempted to register file type '.uxml', which is handled by a native Unity importer. Registration rejected.
UnityEngine.StackTraceUtility:ExtractStackTrace ()
UnityEditor.AssetImporters.ScriptedImporter:RegisterScriptedImporters ()

[C:\buildslave\unity\build\Modules/AssetDatabase/Editor/Public/ImporterRegistry.cpp line 245]

The scripted importer 'StyleSheetImporter' attempted to register file type '.uss', which is handled by a native Unity importer. Registration rejected.
UnityEngine.StackTraceUtility:ExtractStackTrace ()
UnityEditor.AssetImporters.ScriptedImporter:RegisterScriptedImporters ()

[C:\buildslave\unity\build\Modules/AssetDatabase/Editor/Public/ImporterRegistry.cpp line 245]

The scripted importer 'ThemeStyleSheetImporter' attempted to register file type '.tss', which is handled by a native Unity importer. Registration rejected.
UnityEngine.StackTraceUtility:ExtractStackTrace ()
UnityEditor.AssetImporters.ScriptedImporter:RegisterScriptedImporters ()

[C:\buildslave\unity\build\Modules/AssetDatabase/Editor/Public/ImporterRegistry.cpp line 245]

Unloading broken assembly Library/ScriptAssemblies/UnityEditor.UIBuilderModule.dll, this assembly can cause crashes in the runtime

Native extension for WindowsStandalone target not found
Native extension for WebGL target not found
Refreshing native plugins compatible for Editor in 0.86 ms, found 3 plugins.
Preloading 0 native plugins for Editor in 0.00 ms.
ASSEMBLY OVERRIDES: * override found for Unity assembly UnityEngine.UIElementsModule.dll (override path Library/ScriptAssemblies/UnityEngine.UIElementsModule.dll)
ASSEMBLY OVERRIDES: * override found for Unity assembly UnityEditor.UIElementsModule.dll (override path Library/ScriptAssemblies/UnityEditor.UIElementsModule.dll)
System.Reflection.TargetInvocationException: Exception has been thrown by the target of an invocation. ---> UnityEngine.UnityException: The MakeClientFunc has already been registered. Registration denied.
  at UnityEngine.UIElements.DragAndDropUtility.RegisterMakeClientFunc (System.Func`1[TResult] makeClient) [0x00017] in <e46dd5ac4b30482e844884101ac1d3bd>:0 
  at UnityEditor.UIElements.EditorDragAndDrop.RegisterEditorClient () [0x0000a] in <31768fe99cfe4466aa4a401169fb2ce5>:0 
  at (wrapper managed-to-native) System.Reflection.MonoMethod.InternalInvoke(System.Reflection.MonoMethod,object,object[],System.Exception&)
  at System.Reflection.MonoMethod.Invoke (System.Object obj, System.Reflection.BindingFlags invokeAttr, System.Reflection.Binder binder, System.Object[] parameters, System.Globalization.CultureInfo culture) [0x00032] in <695d1cc93cca45069c528c15c9fdd749>:0 
   --- End of inner exception stack trace ---
  at System.Reflection.MonoMethod.Invoke (System.Object obj, System.Reflection.BindingFlags invokeAttr, System.Reflection.Binder binder, System.Object[] parameters, System.Globalization.CultureInfo culture) [0x00048] in <695d1cc93cca45069c528c15c9fdd749>:0 
  at System.Reflection.MethodBase.Invoke (System.Object obj, System.Object[] parameters) [0x00000] in <695d1cc93cca45069c528c15c9fdd749>:0 
  at UnityEditor.EditorAssemblies.ProcessInitializeOnLoadMethodAttributes () [0x00047] in <ef3b6bf002d8435a97b4e938f6c49b02>:0 
UnityEngine.StackTraceUtility:ExtractStackTrace ()
UnityEngine.DebugLogHandler:LogFormat (UnityEngine.LogType,UnityEngine.Object,string,object[])
UnityEngine.Logger:Log (UnityEngine.LogType,object)
UnityEngine.Debug:LogError (object)
UnityEditor.EditorAssemblies:ProcessInitializeOnLoadMethodAttributes ()

ASSEMBLY OVERRIDES: * override found for Unity assembly UnityEngine.UIElementsModule.dll (override path Library/ScriptAssemblies/UnityEngine.UIElementsModule.dll)
ASSEMBLY OVERRIDES: * override found for Unity assembly UnityEditor.UIElementsModule.dll (override path Library/ScriptAssemblies/UnityEditor.UIElementsModule.dll)
Mono: successfully reloaded assembly
ArgumentException: An item with the same key has already been added. Key: UnityEditor.UIElements.EditorAtlasMonitorInjector
Parameter name: key
  at System.Collections.Generic.SortedList`2[TKey,TValue].Add (TKey key, TValue value) [0x00041] in <0463b2ef957545c0a51b42f372cd4fbb>:0 
  at UnityEditor.AssetPostprocessingInternal.GetTextureProcessorsHashString () [0x000a2] in <ef3b6bf002d8435a97b4e938f6c49b02>:0 
UnityEngine.DebugLogHandler:Internal_LogException(Exception, Object)
UnityEngine.DebugLogHandler:LogException(Exception, Object)
UnityEngine.Logger:LogException(Exception, Object)
UnityEngine.Debug:LogException(Exception)
UnityEditor.AssetPostprocessingInternal:GetTextureProcessorsHashString()

- Completed reload, in  0.947 seconds
Domain Reload Profiling:
	ReloadAssembly (947ms)
		BeginReloadAssembly (97ms)
			ExecutionOrderSort (0ms)
			DisableScriptedObjects (5ms)
			BackupInstance (0ms)
			ReleaseScriptingObjects (0ms)
			CreateAndSetChildDomain (33ms)
		EndReloadAssembly (796ms)
			LoadAssemblies (79ms)
			RebuildTransferFunctionScriptingTraits (0ms)
			SetupTypeCache (258ms)
			ReleaseScriptCaches (1ms)
			RebuildScriptCaches (41ms)
			SetupLoadedEditorAssemblies (325ms)
				LogAssemblyErrors (0ms)
				InitializePlatformSupportModulesInManaged (5ms)
				SetLoadedEditorAssemblies (0ms)
				RefreshPlugins (1ms)
				BeforeProcessingInitializeOnLoad (59ms)
				ProcessInitializeOnLoadAttributes (243ms)
				ProcessInitializeOnLoadMethodAttributes (11ms)
				AfterProcessingInitializeOnLoad (6ms)
				EditorAssembliesLoaded (0ms)
			ExecutionOrderSort2 (0ms)
			AwakeInstancesAfterBackupRestoration (9ms)
Platform modules already initialized, skipping
Refreshing native plugins compatible for Editor in 0.84 ms, found 3 plugins.
Preloading 0 native plugins for Editor in 0.00 ms.
Unloading 2899 Unused Serialized files (Serialized files now loaded: 0)
System memory in use before: 127.2 MB.
System memory in use after: 127.0 MB.

Unloading 32 unused Assets to reduce memory usage. Loaded Objects now: 3346.
Total: 3.528600 ms (FindLiveObjects: 0.341600 ms CreateObjectMapping: 0.079100 ms MarkObjects: 2.878100 ms  DeleteObjects: 0.228700 ms)

AssetImportParameters requested are different than current active one (requested -> active):
  custom:framework-win-MediaFoundation: 216162199b28c13a410421893ffa2e32 -> 
  custom:video-decoder-ogg-theora: a1e56fd34408186e4bbccfd4996cb3dc -> 
  custom:container-muxer-webm: aa71ff27fc2769a1b78a27578f13a17b -> 
  custom:container-demuxer-webm: 4f35f7cbe854078d1ac9338744f61a02 -> 
  custom:container-demuxer-ogg: 62fdf1f143b41e24485cea50d1cbac27 -> 
  custom:video-encoder-webm-vp8: eb34c28f22e8b96e1ab97ce403110664 -> 
  custom:video-decoder-webm-vp8: 9c59270c3fd7afecdb556c50c9e8de78 -> 
  custom:audio-decoder-ogg-vorbis: bf7c407c2cedff20999df2af8eb42d56 -> 
  custom:audio-encoder-webm-vorbis: bf7c407c2cedff20999df2af8eb42d56 -> 
========================================================================
Received Prepare
Registering precompiled user dll's ...
Registered in 0.004878 seconds.
ASSEMBLY OVERRIDES: * override found for Unity assembly UnityEngine.UIElementsModule.dll (override path Library/ScriptAssemblies/UnityEngine.UIElementsModule.dll)
ASSEMBLY OVERRIDES: * override found for Unity assembly UnityEditor.UIElementsModule.dll (override path Library/ScriptAssemblies/UnityEditor.UIElementsModule.dll)
Begin MonoManager ReloadAssembly
Symbol file LoadedFromMemory is not a mono symbol file
Error: Could not load signature of Unity.UI.Builder.BuilderTextShadow:.ctor due to: Could not resolve type with token 010000e6 (from typeref, class/assembly UnityEngine.UIElements.StyleTextShadow, UnityEngine.UIElementsModule, Version=1.0.0.0, Culture=neutral, PublicKeyToken=null) assembly:UnityEngine.UIElementsModule, Version=1.0.0.0, Culture=neutral, PublicKeyToken=null type:UnityEngine.UIElements.StyleTextShadow member:(null) signature:<none>

The scripted importer 'UIElementsViewImporter' attempted to register file type '.uxml', which is handled by a native Unity importer. Registration rejected.
UnityEngine.StackTraceUtility:ExtractStackTrace ()
UnityEditor.AssetImporters.ScriptedImporter:RegisterScriptedImporters ()

[C:\buildslave\unity\build\Modules/AssetDatabase/Editor/Public/ImporterRegistry.cpp line 245]

The scripted importer 'StyleSheetImporter' attempted to register file type '.uss', which is handled by a native Unity importer. Registration rejected.
UnityEngine.StackTraceUtility:ExtractStackTrace ()
UnityEditor.AssetImporters.ScriptedImporter:RegisterScriptedImporters ()

[C:\buildslave\unity\build\Modules/AssetDatabase/Editor/Public/ImporterRegistry.cpp line 245]

The scripted importer 'ThemeStyleSheetImporter' attempted to register file type '.tss', which is handled by a native Unity importer. Registration rejected.
UnityEngine.StackTraceUtility:ExtractStackTrace ()
UnityEditor.AssetImporters.ScriptedImporter:RegisterScriptedImporters ()

[C:\buildslave\unity\build\Modules/AssetDatabase/Editor/Public/ImporterRegistry.cpp line 245]

Unloading broken assembly Library/ScriptAssemblies/UnityEditor.UIBuilderModule.dll, this assembly can cause crashes in the runtime

Native extension for WindowsStandalone target not found
Native extension for WebGL target not found
Refreshing native plugins compatible for Editor in 0.84 ms, found 3 plugins.
Preloading 0 native plugins for Editor in 0.00 ms.
ASSEMBLY OVERRIDES: * override found for Unity assembly UnityEngine.UIElementsModule.dll (override path Library/ScriptAssemblies/UnityEngine.UIElementsModule.dll)
ASSEMBLY OVERRIDES: * override found for Unity assembly UnityEditor.UIElementsModule.dll (override path Library/ScriptAssemblies/UnityEditor.UIElementsModule.dll)
System.Reflection.TargetInvocationException: Exception has been thrown by the target of an invocation. ---> UnityEngine.UnityException: The MakeClientFunc has already been registered. Registration denied.
  at UnityEngine.UIElements.DragAndDropUtility.RegisterMakeClientFunc (System.Func`1[TResult] makeClient) [0x00017] in <e46dd5ac4b30482e844884101ac1d3bd>:0 
  at UnityEditor.UIElements.EditorDragAndDrop.RegisterEditorClient () [0x0000a] in <31768fe99cfe4466aa4a401169fb2ce5>:0 
  at (wrapper managed-to-native) System.Reflection.MonoMethod.InternalInvoke(System.Reflection.MonoMethod,object,object[],System.Exception&)
  at System.Reflection.MonoMethod.Invoke (System.Object obj, System.Reflection.BindingFlags invokeAttr, System.Reflection.Binder binder, System.Object[] parameters, System.Globalization.CultureInfo culture) [0x00032] in <695d1cc93cca45069c528c15c9fdd749>:0 
   --- End of inner exception stack trace ---
  at System.Reflection.MonoMethod.Invoke (System.Object obj, System.Reflection.BindingFlags invokeAttr, System.Reflection.Binder binder, System.Object[] parameters, System.Globalization.CultureInfo culture) [0x00048] in <695d1cc93cca45069c528c15c9fdd749>:0 
  at System.Reflection.MethodBase.Invoke (System.Object obj, System.Object[] parameters) [0x00000] in <695d1cc93cca45069c528c15c9fdd749>:0 
  at UnityEditor.EditorAssemblies.ProcessInitializeOnLoadMethodAttributes () [0x00047] in <ef3b6bf002d8435a97b4e938f6c49b02>:0 
UnityEngine.StackTraceUtility:ExtractStackTrace ()
UnityEngine.DebugLogHandler:LogFormat (UnityEngine.LogType,UnityEngine.Object,string,object[])
UnityEngine.Logger:Log (UnityEngine.LogType,object)
UnityEngine.Debug:LogError (object)
UnityEditor.EditorAssemblies:ProcessInitializeOnLoadMethodAttributes ()

ASSEMBLY OVERRIDES: * override found for Unity assembly UnityEngine.UIElementsModule.dll (override path Library/ScriptAssemblies/UnityEngine.UIElementsModule.dll)
ASSEMBLY OVERRIDES: * override found for Unity assembly UnityEditor.UIElementsModule.dll (override path Library/ScriptAssemblies/UnityEditor.UIElementsModule.dll)
Mono: successfully reloaded assembly
ArgumentException: An item with the same key has already been added. Key: UnityEditor.UIElements.EditorAtlasMonitorInjector
Parameter name: key
  at System.Collections.Generic.SortedList`2[TKey,TValue].Add (TKey key, TValue value) [0x00041] in <0463b2ef957545c0a51b42f372cd4fbb>:0 
  at UnityEditor.AssetPostprocessingInternal.GetTextureProcessorsHashString () [0x000a2] in <ef3b6bf002d8435a97b4e938f6c49b02>:0 
UnityEngine.DebugLogHandler:Internal_LogException(Exception, Object)
UnityEngine.DebugLogHandler:LogException(Exception, Object)
UnityEngine.Logger:LogException(Exception, Object)
UnityEngine.Debug:LogException(Exception)
UnityEditor.AssetPostprocessingInternal:GetTextureProcessorsHashString()

- Completed reload, in  0.927 seconds
Domain Reload Profiling:
	ReloadAssembly (927ms)
		BeginReloadAssembly (99ms)
			ExecutionOrderSort (0ms)
			DisableScriptedObjects (5ms)
			BackupInstance (0ms)
			ReleaseScriptingObjects (0ms)
			CreateAndSetChildDomain (33ms)
		EndReloadAssembly (773ms)
			LoadAssemblies (80ms)
			RebuildTransferFunctionScriptingTraits (0ms)
			SetupTypeCache (251ms)
			ReleaseScriptCaches (1ms)
			RebuildScriptCaches (41ms)
			SetupLoadedEditorAssemblies (312ms)
				LogAssemblyErrors (0ms)
				InitializePlatformSupportModulesInManaged (5ms)
				SetLoadedEditorAssemblies (0ms)
				RefreshPlugins (1ms)
				BeforeProcessingInitializeOnLoad (60ms)
				ProcessInitializeOnLoadAttributes (229ms)
				ProcessInitializeOnLoadMethodAttributes (11ms)
				AfterProcessingInitializeOnLoad (6ms)
				EditorAssembliesLoaded (0ms)
			ExecutionOrderSort2 (0ms)
			AwakeInstancesAfterBackupRestoration (8ms)
Platform modules already initialized, skipping
Refreshing native plugins compatible for Editor in 0.87 ms, found 3 plugins.
Preloading 0 native plugins for Editor in 0.00 ms.
Unloading 2899 Unused Serialized files (Serialized files now loaded: 0)
System memory in use before: 127.3 MB.
System memory in use after: 127.1 MB.

Unloading 32 unused Assets to reduce memory usage. Loaded Objects now: 3349.
Total: 3.451700 ms (FindLiveObjects: 0.317000 ms CreateObjectMapping: 0.078100 ms MarkObjects: 2.829500 ms  DeleteObjects: 0.226100 ms)

AssetImportParameters requested are different than current active one (requested -> active):
  custom:framework-win-MediaFoundation: 216162199b28c13a410421893ffa2e32 -> 
  custom:video-decoder-ogg-theora: a1e56fd34408186e4bbccfd4996cb3dc -> 
  custom:container-muxer-webm: aa71ff27fc2769a1b78a27578f13a17b -> 
  custom:container-demuxer-webm: 4f35f7cbe854078d1ac9338744f61a02 -> 
  custom:container-demuxer-ogg: 62fdf1f143b41e24485cea50d1cbac27 -> 
  custom:video-encoder-webm-vp8: eb34c28f22e8b96e1ab97ce403110664 -> 
  custom:video-decoder-webm-vp8: 9c59270c3fd7afecdb556c50c9e8de78 -> 
  custom:audio-decoder-ogg-vorbis: bf7c407c2cedff20999df2af8eb42d56 -> 
  custom:audio-encoder-webm-vorbis: bf7c407c2cedff20999df2af8eb42d56 -> 
========================================================================
Received Import Request.
  Time since last request: 3488.518947 seconds.
  path: Packages/com.unity.ui/InputSystem/UnityEngine.UIElementsInputSystemModule.asmdef
  artifactKey: Guid(35204e0755890ae4ca9df5ef224708ba) Importer(815301076,1909f56bfc062723c751e8b465ee728b)
Start importing Packages/com.unity.ui/InputSystem/UnityEngine.UIElementsInputSystemModule.asmdef using Guid(35204e0755890ae4ca9df5ef224708ba) Importer(815301076,1909f56bfc062723c751e8b465ee728b)  -> (artifact id: '6fcd3813c17d0d780ee3dd02a43fdf58') in 0.011743 seconds 
  Import took 0.017004 seconds .

========================================================================
Received Import Request.
  Time since last request: 97.067599 seconds.
  path: Assets/UI Toolkit
  artifactKey: Guid(4ab2d2b7b7ff19a4683b86809af9d4b3) Importer(815301076,1909f56bfc062723c751e8b465ee728b)
Start importing Assets/UI Toolkit using Guid(4ab2d2b7b7ff19a4683b86809af9d4b3) Importer(815301076,1909f56bfc062723c751e8b465ee728b)  -> (artifact id: '7020499eefd84a33e9751a97a7d67467') in 0.009007 seconds 
  Import took 0.013714 seconds .

========================================================================
Received Import Request.
  Time since last request: 0.059032 seconds.
  path: Assets/UI Toolkit/PanelSettings.asset
  artifactKey: Guid(e292dd43030d1534880689f2c41897ac) Importer(815301076,1909f56bfc062723c751e8b465ee728b)
Start importing Assets/UI Toolkit/PanelSettings.asset using Guid(e292dd43030d1534880689f2c41897ac) Importer(815301076,1909f56bfc062723c751e8b465ee728b)  -> (artifact id: 'dca3cf369c78f1e662fe0a6e3345a65e') in 0.011856 seconds 
  Import took 0.016457 seconds .

========================================================================
Received Import Request.
  Time since last request: 46.616242 seconds.
  path: Assets/PhoneUI.uxml
  artifactKey: Guid(57d14cd4810a5a74286f43db37d3ab28) Importer(815301076,1909f56bfc062723c751e8b465ee728b)
Start importing Assets/PhoneUI.uxml using Guid(57d14cd4810a5a74286f43db37d3ab28) Importer(815301076,1909f56bfc062723c751e8b465ee728b)  -> (artifact id: '39d9caa9c617404698c4d42b346ee32a') in 0.021823 seconds 
  Import took 0.026439 seconds .

========================================================================
Received Import Request.
  Time since last request: 0.002181 seconds.
  path: Assets/PhoneUI.uxml
  artifactKey: Guid(57d14cd4810a5a74286f43db37d3ab28) Importer(815301076,1909f56bfc062723c751e8b465ee728b)
Start importing Assets/PhoneUI.uxml using Guid(57d14cd4810a5a74286f43db37d3ab28) Importer(815301076,1909f56bfc062723c751e8b465ee728b)  -> (artifact id: '39d9caa9c617404698c4d42b346ee32a') in 0.003089 seconds 
  Import took 0.007435 seconds .

========================================================================
Received Import Request.
  Time since last request: 3527.095665 seconds.
  path: Assets/MessageTemplate.uxml
  artifactKey: Guid(f9be652df2284924995747caf52a2b55) Importer(815301076,1909f56bfc062723c751e8b465ee728b)
Start importing Assets/MessageTemplate.uxml using Guid(f9be652df2284924995747caf52a2b55) Importer(815301076,1909f56bfc062723c751e8b465ee728b)  -> (artifact id: '5667983d7ee81a6dca5ddc2f7c4d9f2e') in 0.015840 seconds 
  Import took 0.042231 seconds .

========================================================================
Received Prepare
Registering precompiled user dll's ...
Registered in 0.005005 seconds.
ASSEMBLY OVERRIDES: * override found for Unity assembly UnityEngine.UIElementsModule.dll (override path Library/ScriptAssemblies/UnityEngine.UIElementsModule.dll)
ASSEMBLY OVERRIDES: * override found for Unity assembly UnityEditor.UIElementsModule.dll (override path Library/ScriptAssemblies/UnityEditor.UIElementsModule.dll)
Begin MonoManager ReloadAssembly
Symbol file LoadedFromMemory is not a mono symbol file
Error: Could not load signature of Unity.UI.Builder.BuilderTextShadow:.ctor due to: Could not resolve type with token 010000e6 (from typeref, class/assembly UnityEngine.UIElements.StyleTextShadow, UnityEngine.UIElementsModule, Version=1.0.0.0, Culture=neutral, PublicKeyToken=null) assembly:UnityEngine.UIElementsModule, Version=1.0.0.0, Culture=neutral, PublicKeyToken=null type:UnityEngine.UIElements.StyleTextShadow member:(null) signature:<none>

The scripted importer 'UIElementsViewImporter' attempted to register file type '.uxml', which is handled by a native Unity importer. Registration rejected.
UnityEngine.StackTraceUtility:ExtractStackTrace ()
UnityEditor.AssetImporters.ScriptedImporter:RegisterScriptedImporters ()

[C:\buildslave\unity\build\Modules/AssetDatabase/Editor/Public/ImporterRegistry.cpp line 245]

The scripted importer 'StyleSheetImporter' attempted to register file type '.uss', which is handled by a native Unity importer. Registration rejected.
UnityEngine.StackTraceUtility:ExtractStackTrace ()
UnityEditor.AssetImporters.ScriptedImporter:RegisterScriptedImporters ()

[C:\buildslave\unity\build\Modules/AssetDatabase/Editor/Public/ImporterRegistry.cpp line 245]

The scripted importer 'ThemeStyleSheetImporter' attempted to register file type '.tss', which is handled by a native Unity importer. Registration rejected.
UnityEngine.StackTraceUtility:ExtractStackTrace ()
UnityEditor.AssetImporters.ScriptedImporter:RegisterScriptedImporters ()

[C:\buildslave\unity\build\Modules/AssetDatabase/Editor/Public/ImporterRegistry.cpp line 245]

Unloading broken assembly Library/ScriptAssemblies/UnityEditor.UIBuilderModule.dll, this assembly can cause crashes in the runtime

Native extension for WindowsStandalone target not found
Native extension for WebGL target not found
Refreshing native plugins compatible for Editor in 0.88 ms, found 3 plugins.
Preloading 0 native plugins for Editor in 0.00 ms.
ASSEMBLY OVERRIDES: * override found for Unity assembly UnityEngine.UIElementsModule.dll (override path Library/ScriptAssemblies/UnityEngine.UIElementsModule.dll)
ASSEMBLY OVERRIDES: * override found for Unity assembly UnityEditor.UIElementsModule.dll (override path Library/ScriptAssemblies/UnityEditor.UIElementsModule.dll)
System.Reflection.TargetInvocationException: Exception has been thrown by the target of an invocation. ---> UnityEngine.UnityException: The MakeClientFunc has already been registered. Registration denied.
  at UnityEngine.UIElements.DragAndDropUtility.RegisterMakeClientFunc (System.Func`1[TResult] makeClient) [0x00017] in <e46dd5ac4b30482e844884101ac1d3bd>:0 
  at UnityEditor.UIElements.EditorDragAndDrop.RegisterEditorClient () [0x0000a] in <31768fe99cfe4466aa4a401169fb2ce5>:0 
  at (wrapper managed-to-native) System.Reflection.MonoMethod.InternalInvoke(System.Reflection.MonoMethod,object,object[],System.Exception&)
  at System.Reflection.MonoMethod.Invoke (System.Object obj, System.Reflection.BindingFlags invokeAttr, System.Reflection.Binder binder, System.Object[] parameters, System.Globalization.CultureInfo culture) [0x00032] in <695d1cc93cca45069c528c15c9fdd749>:0 
   --- End of inner exception stack trace ---
  at System.Reflection.MonoMethod.Invoke (System.Object obj, System.Reflection.BindingFlags invokeAttr, System.Reflection.Binder binder, System.Object[] parameters, System.Globalization.CultureInfo culture) [0x00048] in <695d1cc93cca45069c528c15c9fdd749>:0 
  at System.Reflection.MethodBase.Invoke (System.Object obj, System.Object[] parameters) [0x00000] in <695d1cc93cca45069c528c15c9fdd749>:0 
  at UnityEditor.EditorAssemblies.ProcessInitializeOnLoadMethodAttributes () [0x00047] in <ef3b6bf002d8435a97b4e938f6c49b02>:0 
UnityEngine.StackTraceUtility:ExtractStackTrace ()
UnityEngine.DebugLogHandler:LogFormat (UnityEngine.LogType,UnityEngine.Object,string,object[])
UnityEngine.Logger:Log (UnityEngine.LogType,object)
UnityEngine.Debug:LogError (object)
UnityEditor.EditorAssemblies:ProcessInitializeOnLoadMethodAttributes ()

ASSEMBLY OVERRIDES: * override found for Unity assembly UnityEngine.UIElementsModule.dll (override path Library/ScriptAssemblies/UnityEngine.UIElementsModule.dll)
ASSEMBLY OVERRIDES: * override found for Unity assembly UnityEditor.UIElementsModule.dll (override path Library/ScriptAssemblies/UnityEditor.UIElementsModule.dll)
Mono: successfully reloaded assembly
ArgumentException: An item with the same key has already been added. Key: UnityEditor.UIElements.EditorAtlasMonitorInjector
Parameter name: key
  at System.Collections.Generic.SortedList`2[TKey,TValue].Add (TKey key, TValue value) [0x00041] in <0463b2ef957545c0a51b42f372cd4fbb>:0 
  at UnityEditor.AssetPostprocessingInternal.GetTextureProcessorsHashString () [0x000a2] in <ef3b6bf002d8435a97b4e938f6c49b02>:0 
UnityEngine.DebugLogHandler:Internal_LogException(Exception, Object)
UnityEngine.DebugLogHandler:LogException(Exception, Object)
UnityEngine.Logger:LogException(Exception, Object)
UnityEngine.Debug:LogException(Exception)
UnityEditor.AssetPostprocessingInternal:GetTextureProcessorsHashString()

- Completed reload, in  1.031 seconds
Domain Reload Profiling:
	ReloadAssembly (1034ms)
		BeginReloadAssembly (155ms)
			ExecutionOrderSort (0ms)
			DisableScriptedObjects (13ms)
			BackupInstance (0ms)
			ReleaseScriptingObjects (0ms)
			CreateAndSetChildDomain (74ms)
		EndReloadAssembly (821ms)
			LoadAssemblies (91ms)
			RebuildTransferFunctionScriptingTraits (0ms)
			SetupTypeCache (270ms)
			ReleaseScriptCaches (1ms)
			RebuildScriptCaches (40ms)
			SetupLoadedEditorAssemblies (328ms)
				LogAssemblyErrors (0ms)
				InitializePlatformSupportModulesInManaged (6ms)
				SetLoadedEditorAssemblies (0ms)
				RefreshPlugins (1ms)
				BeforeProcessingInitializeOnLoad (62ms)
				ProcessInitializeOnLoadAttributes (243ms)
				ProcessInitializeOnLoadMethodAttributes (10ms)
				AfterProcessingInitializeOnLoad (5ms)
				EditorAssembliesLoaded (0ms)
			ExecutionOrderSort2 (0ms)
			AwakeInstancesAfterBackupRestoration (8ms)
Platform modules already initialized, skipping
Refreshing native plugins compatible for Editor in 0.86 ms, found 3 plugins.
Preloading 0 native plugins for Editor in 0.00 ms.
Unloading 2899 Unused Serialized files (Serialized files now loaded: 0)
System memory in use before: 127.3 MB.
System memory in use after: 127.1 MB.

Unloading 32 unused Assets to reduce memory usage. Loaded Objects now: 3352.
Total: 3.490400 ms (FindLiveObjects: 0.326400 ms CreateObjectMapping: 0.079800 ms MarkObjects: 2.812700 ms  DeleteObjects: 0.269900 ms)

AssetImportParameters requested are different than current active one (requested -> active):
  custom:framework-win-MediaFoundation: 216162199b28c13a410421893ffa2e32 -> 
  custom:video-decoder-ogg-theora: a1e56fd34408186e4bbccfd4996cb3dc -> 
  custom:container-muxer-webm: aa71ff27fc2769a1b78a27578f13a17b -> 
  custom:container-demuxer-webm: 4f35f7cbe854078d1ac9338744f61a02 -> 
  custom:container-demuxer-ogg: 62fdf1f143b41e24485cea50d1cbac27 -> 
  custom:video-encoder-webm-vp8: eb34c28f22e8b96e1ab97ce403110664 -> 
  custom:video-decoder-webm-vp8: 9c59270c3fd7afecdb556c50c9e8de78 -> 
  custom:audio-decoder-ogg-vorbis: bf7c407c2cedff20999df2af8eb42d56 -> 
  custom:audio-encoder-webm-vorbis: bf7c407c2cedff20999df2af8eb42d56 -> 
========================================================================
Received Import Request.
  Time since last request: 101.499290 seconds.
  path: Assets/PhoneUI.uxml
  artifactKey: Guid(57d14cd4810a5a74286f43db37d3ab28) Importer(815301076,1909f56bfc062723c751e8b465ee728b)
Start importing Assets/PhoneUI.uxml using Guid(57d14cd4810a5a74286f43db37d3ab28) Importer(815301076,1909f56bfc062723c751e8b465ee728b)  -> (artifact id: '2f5dbb9762a6dad8f21b1a9a232ff5c3') in 0.021136 seconds 
  Import took 0.026280 seconds .

========================================================================
Received Prepare
Registering precompiled user dll's ...
Registered in 0.004987 seconds.
ASSEMBLY OVERRIDES: * override found for Unity assembly UnityEngine.UIElementsModule.dll (override path Library/ScriptAssemblies/UnityEngine.UIElementsModule.dll)
ASSEMBLY OVERRIDES: * override found for Unity assembly UnityEditor.UIElementsModule.dll (override path Library/ScriptAssemblies/UnityEditor.UIElementsModule.dll)
Begin MonoManager ReloadAssembly
Symbol file LoadedFromMemory is not a mono symbol file
Error: Could not load signature of Unity.UI.Builder.BuilderTextShadow:.ctor due to: Could not resolve type with token 010000e6 (from typeref, class/assembly UnityEngine.UIElements.StyleTextShadow, UnityEngine.UIElementsModule, Version=1.0.0.0, Culture=neutral, PublicKeyToken=null) assembly:UnityEngine.UIElementsModule, Version=1.0.0.0, Culture=neutral, PublicKeyToken=null type:UnityEngine.UIElements.StyleTextShadow member:(null) signature:<none>

The scripted importer 'UIElementsViewImporter' attempted to register file type '.uxml', which is handled by a native Unity importer. Registration rejected.
UnityEngine.StackTraceUtility:ExtractStackTrace ()
UnityEditor.AssetImporters.ScriptedImporter:RegisterScriptedImporters ()

[C:\buildslave\unity\build\Modules/AssetDatabase/Editor/Public/ImporterRegistry.cpp line 245]

The scripted importer 'StyleSheetImporter' attempted to register file type '.uss', which is handled by a native Unity importer. Registration rejected.
UnityEngine.StackTraceUtility:ExtractStackTrace ()
UnityEditor.AssetImporters.ScriptedImporter:RegisterScriptedImporters ()

[C:\buildslave\unity\build\Modules/AssetDatabase/Editor/Public/ImporterRegistry.cpp line 245]

The scripted importer 'ThemeStyleSheetImporter' attempted to register file type '.tss', which is handled by a native Unity importer. Registration rejected.
UnityEngine.StackTraceUtility:ExtractStackTrace ()
UnityEditor.AssetImporters.ScriptedImporter:RegisterScriptedImporters ()

[C:\buildslave\unity\build\Modules/AssetDatabase/Editor/Public/ImporterRegistry.cpp line 245]

Unloading broken assembly Library/ScriptAssemblies/UnityEditor.UIBuilderModule.dll, this assembly can cause crashes in the runtime

Native extension for WindowsStandalone target not found
Native extension for WebGL target not found
Refreshing native plugins compatible for Editor in 0.89 ms, found 3 plugins.
Preloading 0 native plugins for Editor in 0.00 ms.
ASSEMBLY OVERRIDES: * override found for Unity assembly UnityEngine.UIElementsModule.dll (override path Library/ScriptAssemblies/UnityEngine.UIElementsModule.dll)
ASSEMBLY OVERRIDES: * override found for Unity assembly UnityEditor.UIElementsModule.dll (override path Library/ScriptAssemblies/UnityEditor.UIElementsModule.dll)
System.Reflection.TargetInvocationException: Exception has been thrown by the target of an invocation. ---> UnityEngine.UnityException: The MakeClientFunc has already been registered. Registration denied.
  at UnityEngine.UIElements.DragAndDropUtility.RegisterMakeClientFunc (System.Func`1[TResult] makeClient) [0x00017] in <e46dd5ac4b30482e844884101ac1d3bd>:0 
  at UnityEditor.UIElements.EditorDragAndDrop.RegisterEditorClient () [0x0000a] in <31768fe99cfe4466aa4a401169fb2ce5>:0 
  at (wrapper managed-to-native) System.Reflection.MonoMethod.InternalInvoke(System.Reflection.MonoMethod,object,object[],System.Exception&)
  at System.Reflection.MonoMethod.Invoke (System.Object obj, System.Reflection.BindingFlags invokeAttr, System.Reflection.Binder binder, System.Object[] parameters, System.Globalization.CultureInfo culture) [0x00032] in <695d1cc93cca45069c528c15c9fdd749>:0 
   --- End of inner exception stack trace ---
  at System.Reflection.MonoMethod.Invoke (System.Object obj, System.Reflection.BindingFlags invokeAttr, System.Reflection.Binder binder, System.Object[] parameters, System.Globalization.CultureInfo culture) [0x00048] in <695d1cc93cca45069c528c15c9fdd749>:0 
  at System.Reflection.MethodBase.Invoke (System.Object obj, System.Object[] parameters) [0x00000] in <695d1cc93cca45069c528c15c9fdd749>:0 
  at UnityEditor.EditorAssemblies.ProcessInitializeOnLoadMethodAttributes () [0x00047] in <ef3b6bf002d8435a97b4e938f6c49b02>:0 
UnityEngine.StackTraceUtility:ExtractStackTrace ()
UnityEngine.DebugLogHandler:LogFormat (UnityEngine.LogType,UnityEngine.Object,string,object[])
UnityEngine.Logger:Log (UnityEngine.LogType,object)
UnityEngine.Debug:LogError (object)
UnityEditor.EditorAssemblies:ProcessInitializeOnLoadMethodAttributes ()

ASSEMBLY OVERRIDES: * override found for Unity assembly UnityEngine.UIElementsModule.dll (override path Library/ScriptAssemblies/UnityEngine.UIElementsModule.dll)
ASSEMBLY OVERRIDES: * override found for Unity assembly UnityEditor.UIElementsModule.dll (override path Library/ScriptAssemblies/UnityEditor.UIElementsModule.dll)
Mono: successfully reloaded assembly
ArgumentException: An item with the same key has already been added. Key: UnityEditor.UIElements.EditorAtlasMonitorInjector
Parameter name: key
  at System.Collections.Generic.SortedList`2[TKey,TValue].Add (TKey key, TValue value) [0x00041] in <0463b2ef957545c0a51b42f372cd4fbb>:0 
  at UnityEditor.AssetPostprocessingInternal.GetTextureProcessorsHashString () [0x000a2] in <ef3b6bf002d8435a97b4e938f6c49b02>:0 
UnityEngine.DebugLogHandler:Internal_LogException(Exception, Object)
UnityEngine.DebugLogHandler:LogException(Exception, Object)
UnityEngine.Logger:LogException(Exception, Object)
UnityEngine.Debug:LogException(Exception)
UnityEditor.AssetPostprocessingInternal:GetTextureProcessorsHashString()

- Completed reload, in  0.926 seconds
Domain Reload Profiling:
	ReloadAssembly (926ms)
		BeginReloadAssembly (98ms)
			ExecutionOrderSort (0ms)
			DisableScriptedObjects (5ms)
			BackupInstance (0ms)
			ReleaseScriptingObjects (0ms)
			CreateAndSetChildDomain (33ms)
		EndReloadAssembly (775ms)
			LoadAssemblies (79ms)
			RebuildTransferFunctionScriptingTraits (0ms)
			SetupTypeCache (249ms)
			ReleaseScriptCaches (1ms)
			RebuildScriptCaches (42ms)
			SetupLoadedEditorAssemblies (315ms)
				LogAssemblyErrors (0ms)
				InitializePlatformSupportModulesInManaged (5ms)
				SetLoadedEditorAssemblies (1ms)
				RefreshPlugins (1ms)
				BeforeProcessingInitializeOnLoad (60ms)
				ProcessInitializeOnLoadAttributes (234ms)
				ProcessInitializeOnLoadMethodAttributes (10ms)
				AfterProcessingInitializeOnLoad (5ms)
				EditorAssembliesLoaded (0ms)
			ExecutionOrderSort2 (0ms)
			AwakeInstancesAfterBackupRestoration (8ms)
Platform modules already initialized, skipping
Refreshing native plugins compatible for Editor in 0.92 ms, found 3 plugins.
Preloading 0 native plugins for Editor in 0.00 ms.
Unloading 2900 Unused Serialized files (Serialized files now loaded: 0)
System memory in use before: 127.4 MB.
System memory in use after: 127.2 MB.

Unloading 32 unused Assets to reduce memory usage. Loaded Objects now: 3356.
Total: 3.683900 ms (FindLiveObjects: 0.336400 ms CreateObjectMapping: 0.073300 ms MarkObjects: 2.963100 ms  DeleteObjects: 0.309800 ms)

AssetImportParameters requested are different than current active one (requested -> active):
  custom:framework-win-MediaFoundation: 216162199b28c13a410421893ffa2e32 -> 
  custom:video-decoder-ogg-theora: a1e56fd34408186e4bbccfd4996cb3dc -> 
  custom:container-muxer-webm: aa71ff27fc2769a1b78a27578f13a17b -> 
  custom:container-demuxer-webm: 4f35f7cbe854078d1ac9338744f61a02 -> 
  custom:container-demuxer-ogg: 62fdf1f143b41e24485cea50d1cbac27 -> 
  custom:video-encoder-webm-vp8: eb34c28f22e8b96e1ab97ce403110664 -> 
  custom:video-decoder-webm-vp8: 9c59270c3fd7afecdb556c50c9e8de78 -> 
  custom:audio-decoder-ogg-vorbis: bf7c407c2cedff20999df2af8eb42d56 -> 
  custom:audio-encoder-webm-vorbis: bf7c407c2cedff20999df2af8eb42d56 -> 
========================================================================
Received Prepare
Registering precompiled user dll's ...
Registered in 0.005378 seconds.
ASSEMBLY OVERRIDES: * override found for Unity assembly UnityEngine.UIElementsModule.dll (override path Library/ScriptAssemblies/UnityEngine.UIElementsModule.dll)
ASSEMBLY OVERRIDES: * override found for Unity assembly UnityEditor.UIElementsModule.dll (override path Library/ScriptAssemblies/UnityEditor.UIElementsModule.dll)
Begin MonoManager ReloadAssembly
Symbol file LoadedFromMemory is not a mono symbol file
Error: Could not load signature of Unity.UI.Builder.BuilderTextShadow:.ctor due to: Could not resolve type with token 010000e6 (from typeref, class/assembly UnityEngine.UIElements.StyleTextShadow, UnityEngine.UIElementsModule, Version=1.0.0.0, Culture=neutral, PublicKeyToken=null) assembly:UnityEngine.UIElementsModule, Version=1.0.0.0, Culture=neutral, PublicKeyToken=null type:UnityEngine.UIElements.StyleTextShadow member:(null) signature:<none>

The scripted importer 'UIElementsViewImporter' attempted to register file type '.uxml', which is handled by a native Unity importer. Registration rejected.
UnityEngine.StackTraceUtility:ExtractStackTrace ()
UnityEditor.AssetImporters.ScriptedImporter:RegisterScriptedImporters ()

[C:\buildslave\unity\build\Modules/AssetDatabase/Editor/Public/ImporterRegistry.cpp line 245]

The scripted importer 'StyleSheetImporter' attempted to register file type '.uss', which is handled by a native Unity importer. Registration rejected.
UnityEngine.StackTraceUtility:ExtractStackTrace ()
UnityEditor.AssetImporters.ScriptedImporter:RegisterScriptedImporters ()

[C:\buildslave\unity\build\Modules/AssetDatabase/Editor/Public/ImporterRegistry.cpp line 245]

The scripted importer 'ThemeStyleSheetImporter' attempted to register file type '.tss', which is handled by a native Unity importer. Registration rejected.
UnityEngine.StackTraceUtility:ExtractStackTrace ()
UnityEditor.AssetImporters.ScriptedImporter:RegisterScriptedImporters ()

[C:\buildslave\unity\build\Modules/AssetDatabase/Editor/Public/ImporterRegistry.cpp line 245]

Unloading broken assembly Library/ScriptAssemblies/UnityEditor.UIBuilderModule.dll, this assembly can cause crashes in the runtime

Native extension for WindowsStandalone target not found
Native extension for WebGL target not found
Refreshing native plugins compatible for Editor in 0.90 ms, found 3 plugins.
Preloading 0 native plugins for Editor in 0.00 ms.
ASSEMBLY OVERRIDES: * override found for Unity assembly UnityEngine.UIElementsModule.dll (override path Library/ScriptAssemblies/UnityEngine.UIElementsModule.dll)
ASSEMBLY OVERRIDES: * override found for Unity assembly UnityEditor.UIElementsModule.dll (override path Library/ScriptAssemblies/UnityEditor.UIElementsModule.dll)
System.Reflection.TargetInvocationException: Exception has been thrown by the target of an invocation. ---> UnityEngine.UnityException: The MakeClientFunc has already been registered. Registration denied.
  at UnityEngine.UIElements.DragAndDropUtility.RegisterMakeClientFunc (System.Func`1[TResult] makeClient) [0x00017] in <e46dd5ac4b30482e844884101ac1d3bd>:0 
  at UnityEditor.UIElements.EditorDragAndDrop.RegisterEditorClient () [0x0000a] in <31768fe99cfe4466aa4a401169fb2ce5>:0 
  at (wrapper managed-to-native) System.Reflection.MonoMethod.InternalInvoke(System.Reflection.MonoMethod,object,object[],System.Exception&)
  at System.Reflection.MonoMethod.Invoke (System.Object obj, System.Reflection.BindingFlags invokeAttr, System.Reflection.Binder binder, System.Object[] parameters, System.Globalization.CultureInfo culture) [0x00032] in <695d1cc93cca45069c528c15c9fdd749>:0 
   --- End of inner exception stack trace ---
  at System.Reflection.MonoMethod.Invoke (System.Object obj, System.Reflection.BindingFlags invokeAttr, System.Reflection.Binder binder, System.Object[] parameters, System.Globalization.CultureInfo culture) [0x00048] in <695d1cc93cca45069c528c15c9fdd749>:0 
  at System.Reflection.MethodBase.Invoke (System.Object obj, System.Object[] parameters) [0x00000] in <695d1cc93cca45069c528c15c9fdd749>:0 
  at UnityEditor.EditorAssemblies.ProcessInitializeOnLoadMethodAttributes () [0x00047] in <ef3b6bf002d8435a97b4e938f6c49b02>:0 
UnityEngine.StackTraceUtility:ExtractStackTrace ()
UnityEngine.DebugLogHandler:LogFormat (UnityEngine.LogType,UnityEngine.Object,string,object[])
UnityEngine.Logger:Log (UnityEngine.LogType,object)
UnityEngine.Debug:LogError (object)
UnityEditor.EditorAssemblies:ProcessInitializeOnLoadMethodAttributes ()

ASSEMBLY OVERRIDES: * override found for Unity assembly UnityEngine.UIElementsModule.dll (override path Library/ScriptAssemblies/UnityEngine.UIElementsModule.dll)
ASSEMBLY OVERRIDES: * override found for Unity assembly UnityEditor.UIElementsModule.dll (override path Library/ScriptAssemblies/UnityEditor.UIElementsModule.dll)
Mono: successfully reloaded assembly
ArgumentException: An item with the same key has already been added. Key: UnityEditor.UIElements.EditorAtlasMonitorInjector
Parameter name: key
  at System.Collections.Generic.SortedList`2[TKey,TValue].Add (TKey key, TValue value) [0x00041] in <0463b2ef957545c0a51b42f372cd4fbb>:0 
  at UnityEditor.AssetPostprocessingInternal.GetTextureProcessorsHashString () [0x000a2] in <ef3b6bf002d8435a97b4e938f6c49b02>:0 
UnityEngine.DebugLogHandler:Internal_LogException(Exception, Object)
UnityEngine.DebugLogHandler:LogException(Exception, Object)
UnityEngine.Logger:LogException(Exception, Object)
UnityEngine.Debug:LogException(Exception)
UnityEditor.AssetPostprocessingInternal:GetTextureProcessorsHashString()

- Completed reload, in  1.054 seconds
Domain Reload Profiling:
	ReloadAssembly (1057ms)
		BeginReloadAssembly (168ms)
			ExecutionOrderSort (0ms)
			DisableScriptedObjects (13ms)
			BackupInstance (0ms)
			ReleaseScriptingObjects (0ms)
			CreateAndSetChildDomain (83ms)
		EndReloadAssembly (830ms)
			LoadAssemblies (94ms)
			RebuildTransferFunctionScriptingTraits (0ms)
			SetupTypeCache (274ms)
			ReleaseScriptCaches (1ms)
			RebuildScriptCaches (43ms)
			SetupLoadedEditorAssemblies (323ms)
				LogAssemblyErrors (0ms)
				InitializePlatformSupportModulesInManaged (5ms)
				SetLoadedEditorAssemblies (0ms)
				RefreshPlugins (1ms)
				BeforeProcessingInitializeOnLoad (63ms)
				ProcessInitializeOnLoadAttributes (238ms)
				ProcessInitializeOnLoadMethodAttributes (10ms)
				AfterProcessingInitializeOnLoad (6ms)
				EditorAssembliesLoaded (0ms)
			ExecutionOrderSort2 (0ms)
			AwakeInstancesAfterBackupRestoration (10ms)
Platform modules already initialized, skipping
Refreshing native plugins compatible for Editor in 0.82 ms, found 3 plugins.
Preloading 0 native plugins for Editor in 0.00 ms.
Unloading 2900 Unused Serialized files (Serialized files now loaded: 0)
System memory in use before: 127.4 MB.
System memory in use after: 127.2 MB.

Unloading 32 unused Assets to reduce memory usage. Loaded Objects now: 3359.
Total: 3.581600 ms (FindLiveObjects: 0.298200 ms CreateObjectMapping: 0.073400 ms MarkObjects: 2.955000 ms  DeleteObjects: 0.253700 ms)

AssetImportParameters requested are different than current active one (requested -> active):
  custom:framework-win-MediaFoundation: 216162199b28c13a410421893ffa2e32 -> 
  custom:video-decoder-ogg-theora: a1e56fd34408186e4bbccfd4996cb3dc -> 
  custom:container-muxer-webm: aa71ff27fc2769a1b78a27578f13a17b -> 
  custom:container-demuxer-webm: 4f35f7cbe854078d1ac9338744f61a02 -> 
  custom:container-demuxer-ogg: 62fdf1f143b41e24485cea50d1cbac27 -> 
  custom:video-encoder-webm-vp8: eb34c28f22e8b96e1ab97ce403110664 -> 
  custom:video-decoder-webm-vp8: 9c59270c3fd7afecdb556c50c9e8de78 -> 
  custom:audio-decoder-ogg-vorbis: bf7c407c2cedff20999df2af8eb42d56 -> 
  custom:audio-encoder-webm-vorbis: bf7c407c2cedff20999df2af8eb42d56 -> 
========================================================================
Received Prepare
Registering precompiled user dll's ...
Registered in 0.004867 seconds.
ASSEMBLY OVERRIDES: * override found for Unity assembly UnityEngine.UIElementsModule.dll (override path Library/ScriptAssemblies/UnityEngine.UIElementsModule.dll)
ASSEMBLY OVERRIDES: * override found for Unity assembly UnityEditor.UIElementsModule.dll (override path Library/ScriptAssemblies/UnityEditor.UIElementsModule.dll)
Begin MonoManager ReloadAssembly
Symbol file LoadedFromMemory is not a mono symbol file
Error: Could not load signature of Unity.UI.Builder.BuilderTextShadow:.ctor due to: Could not resolve type with token 010000e6 (from typeref, class/assembly UnityEngine.UIElements.StyleTextShadow, UnityEngine.UIElementsModule, Version=1.0.0.0, Culture=neutral, PublicKeyToken=null) assembly:UnityEngine.UIElementsModule, Version=1.0.0.0, Culture=neutral, PublicKeyToken=null type:UnityEngine.UIElements.StyleTextShadow member:(null) signature:<none>

The scripted importer 'UIElementsViewImporter' attempted to register file type '.uxml', which is handled by a native Unity importer. Registration rejected.
UnityEngine.StackTraceUtility:ExtractStackTrace ()
UnityEditor.AssetImporters.ScriptedImporter:RegisterScriptedImporters ()

[C:\buildslave\unity\build\Modules/AssetDatabase/Editor/Public/ImporterRegistry.cpp line 245]

The scripted importer 'StyleSheetImporter' attempted to register file type '.uss', which is handled by a native Unity importer. Registration rejected.
UnityEngine.StackTraceUtility:ExtractStackTrace ()
UnityEditor.AssetImporters.ScriptedImporter:RegisterScriptedImporters ()

[C:\buildslave\unity\build\Modules/AssetDatabase/Editor/Public/ImporterRegistry.cpp line 245]

The scripted importer 'ThemeStyleSheetImporter' attempted to register file type '.tss', which is handled by a native Unity importer. Registration rejected.
UnityEngine.StackTraceUtility:ExtractStackTrace ()
UnityEditor.AssetImporters.ScriptedImporter:RegisterScriptedImporters ()

[C:\buildslave\unity\build\Modules/AssetDatabase/Editor/Public/ImporterRegistry.cpp line 245]

Unloading broken assembly Library/ScriptAssemblies/UnityEditor.UIBuilderModule.dll, this assembly can cause crashes in the runtime

Native extension for WindowsStandalone target not found
Native extension for WebGL target not found
Refreshing native plugins compatible for Editor in 0.86 ms, found 3 plugins.
Preloading 0 native plugins for Editor in 0.00 ms.
ASSEMBLY OVERRIDES: * override found for Unity assembly UnityEngine.UIElementsModule.dll (override path Library/ScriptAssemblies/UnityEngine.UIElementsModule.dll)
ASSEMBLY OVERRIDES: * override found for Unity assembly UnityEditor.UIElementsModule.dll (override path Library/ScriptAssemblies/UnityEditor.UIElementsModule.dll)
System.Reflection.TargetInvocationException: Exception has been thrown by the target of an invocation. ---> UnityEngine.UnityException: The MakeClientFunc has already been registered. Registration denied.
  at UnityEngine.UIElements.DragAndDropUtility.RegisterMakeClientFunc (System.Func`1[TResult] makeClient) [0x00017] in <e46dd5ac4b30482e844884101ac1d3bd>:0 
  at UnityEditor.UIElements.EditorDragAndDrop.RegisterEditorClient () [0x0000a] in <31768fe99cfe4466aa4a401169fb2ce5>:0 
  at (wrapper managed-to-native) System.Reflection.MonoMethod.InternalInvoke(System.Reflection.MonoMethod,object,object[],System.Exception&)
  at System.Reflection.MonoMethod.Invoke (System.Object obj, System.Reflection.BindingFlags invokeAttr, System.Reflection.Binder binder, System.Object[] parameters, System.Globalization.CultureInfo culture) [0x00032] in <695d1cc93cca45069c528c15c9fdd749>:0 
   --- End of inner exception stack trace ---
  at System.Reflection.MonoMethod.Invoke (System.Object obj, System.Reflection.BindingFlags invokeAttr, System.Reflection.Binder binder, System.Object[] parameters, System.Globalization.CultureInfo culture) [0x00048] in <695d1cc93cca45069c528c15c9fdd749>:0 
  at System.Reflection.MethodBase.Invoke (System.Object obj, System.Object[] parameters) [0x00000] in <695d1cc93cca45069c528c15c9fdd749>:0 
  at UnityEditor.EditorAssemblies.ProcessInitializeOnLoadMethodAttributes () [0x00047] in <ef3b6bf002d8435a97b4e938f6c49b02>:0 
UnityEngine.StackTraceUtility:ExtractStackTrace ()
UnityEngine.DebugLogHandler:LogFormat (UnityEngine.LogType,UnityEngine.Object,string,object[])
UnityEngine.Logger:Log (UnityEngine.LogType,object)
UnityEngine.Debug:LogError (object)
UnityEditor.EditorAssemblies:ProcessInitializeOnLoadMethodAttributes ()

ASSEMBLY OVERRIDES: * override found for Unity assembly UnityEngine.UIElementsModule.dll (override path Library/ScriptAssemblies/UnityEngine.UIElementsModule.dll)
ASSEMBLY OVERRIDES: * override found for Unity assembly UnityEditor.UIElementsModule.dll (override path Library/ScriptAssemblies/UnityEditor.UIElementsModule.dll)
Mono: successfully reloaded assembly
ArgumentException: An item with the same key has already been added. Key: UnityEditor.UIElements.EditorAtlasMonitorInjector
Parameter name: key
  at System.Collections.Generic.SortedList`2[TKey,TValue].Add (TKey key, TValue value) [0x00041] in <0463b2ef957545c0a51b42f372cd4fbb>:0 
  at UnityEditor.AssetPostprocessingInternal.GetTextureProcessorsHashString () [0x000a2] in <ef3b6bf002d8435a97b4e938f6c49b02>:0 
UnityEngine.DebugLogHandler:Internal_LogException(Exception, Object)
UnityEngine.DebugLogHandler:LogException(Exception, Object)
UnityEngine.Logger:LogException(Exception, Object)
UnityEngine.Debug:LogException(Exception)
UnityEditor.AssetPostprocessingInternal:GetTextureProcessorsHashString()

- Completed reload, in  0.956 seconds
Domain Reload Profiling:
	ReloadAssembly (956ms)
		BeginReloadAssembly (100ms)
			ExecutionOrderSort (0ms)
			DisableScriptedObjects (5ms)
			BackupInstance (0ms)
			ReleaseScriptingObjects (0ms)
			CreateAndSetChildDomain (33ms)
		EndReloadAssembly (801ms)
			LoadAssemblies (81ms)
			RebuildTransferFunctionScriptingTraits (0ms)
			SetupTypeCache (249ms)
			ReleaseScriptCaches (1ms)
			RebuildScriptCaches (42ms)
			SetupLoadedEditorAssemblies (340ms)
				LogAssemblyErrors (0ms)
				InitializePlatformSupportModulesInManaged (5ms)
				SetLoadedEditorAssemblies (0ms)
				RefreshPlugins (1ms)
				BeforeProcessingInitializeOnLoad (61ms)
				ProcessInitializeOnLoadAttributes (257ms)
				ProcessInitializeOnLoadMethodAttributes (10ms)
				AfterProcessingInitializeOnLoad (5ms)
				EditorAssembliesLoaded (0ms)
			ExecutionOrderSort2 (0ms)
			AwakeInstancesAfterBackupRestoration (8ms)
Platform modules already initialized, skipping
Refreshing native plugins compatible for Editor in 0.83 ms, found 3 plugins.
Preloading 0 native plugins for Editor in 0.00 ms.
Unloading 2900 Unused Serialized files (Serialized files now loaded: 0)
System memory in use before: 127.4 MB.
System memory in use after: 127.2 MB.

Unloading 32 unused Assets to reduce memory usage. Loaded Objects now: 3362.
Total: 3.547000 ms (FindLiveObjects: 0.333300 ms CreateObjectMapping: 0.081000 ms MarkObjects: 2.862700 ms  DeleteObjects: 0.269100 ms)

AssetImportParameters requested are different than current active one (requested -> active):
  custom:framework-win-MediaFoundation: 216162199b28c13a410421893ffa2e32 -> 
  custom:video-decoder-ogg-theora: a1e56fd34408186e4bbccfd4996cb3dc -> 
  custom:container-muxer-webm: aa71ff27fc2769a1b78a27578f13a17b -> 
  custom:container-demuxer-webm: 4f35f7cbe854078d1ac9338744f61a02 -> 
  custom:container-demuxer-ogg: 62fdf1f143b41e24485cea50d1cbac27 -> 
  custom:video-encoder-webm-vp8: eb34c28f22e8b96e1ab97ce403110664 -> 
  custom:video-decoder-webm-vp8: 9c59270c3fd7afecdb556c50c9e8de78 -> 
  custom:audio-decoder-ogg-vorbis: bf7c407c2cedff20999df2af8eb42d56 -> 
  custom:audio-encoder-webm-vorbis: bf7c407c2cedff20999df2af8eb42d56 -> 
========================================================================
Received Prepare
Registering precompiled user dll's ...
Registered in 0.004578 seconds.
ASSEMBLY OVERRIDES: * override found for Unity assembly UnityEngine.UIElementsModule.dll (override path Library/ScriptAssemblies/UnityEngine.UIElementsModule.dll)
ASSEMBLY OVERRIDES: * override found for Unity assembly UnityEditor.UIElementsModule.dll (override path Library/ScriptAssemblies/UnityEditor.UIElementsModule.dll)
Begin MonoManager ReloadAssembly
Symbol file LoadedFromMemory is not a mono symbol file
Error: Could not load signature of Unity.UI.Builder.BuilderTextShadow:.ctor due to: Could not resolve type with token 010000e6 (from typeref, class/assembly UnityEngine.UIElements.StyleTextShadow, UnityEngine.UIElementsModule, Version=1.0.0.0, Culture=neutral, PublicKeyToken=null) assembly:UnityEngine.UIElementsModule, Version=1.0.0.0, Culture=neutral, PublicKeyToken=null type:UnityEngine.UIElements.StyleTextShadow member:(null) signature:<none>

The scripted importer 'UIElementsViewImporter' attempted to register file type '.uxml', which is handled by a native Unity importer. Registration rejected.
UnityEngine.StackTraceUtility:ExtractStackTrace ()
UnityEditor.AssetImporters.ScriptedImporter:RegisterScriptedImporters ()

[C:\buildslave\unity\build\Modules/AssetDatabase/Editor/Public/ImporterRegistry.cpp line 245]

The scripted importer 'StyleSheetImporter' attempted to register file type '.uss', which is handled by a native Unity importer. Registration rejected.
UnityEngine.StackTraceUtility:ExtractStackTrace ()
UnityEditor.AssetImporters.ScriptedImporter:RegisterScriptedImporters ()

[C:\buildslave\unity\build\Modules/AssetDatabase/Editor/Public/ImporterRegistry.cpp line 245]

The scripted importer 'ThemeStyleSheetImporter' attempted to register file type '.tss', which is handled by a native Unity importer. Registration rejected.
UnityEngine.StackTraceUtility:ExtractStackTrace ()
UnityEditor.AssetImporters.ScriptedImporter:RegisterScriptedImporters ()

[C:\buildslave\unity\build\Modules/AssetDatabase/Editor/Public/ImporterRegistry.cpp line 245]

Unloading broken assembly Library/ScriptAssemblies/UnityEditor.UIBuilderModule.dll, this assembly can cause crashes in the runtime

Native extension for WindowsStandalone target not found
Native extension for WebGL target not found
Refreshing native plugins compatible for Editor in 0.85 ms, found 3 plugins.
Preloading 0 native plugins for Editor in 0.00 ms.
ASSEMBLY OVERRIDES: * override found for Unity assembly UnityEngine.UIElementsModule.dll (override path Library/ScriptAssemblies/UnityEngine.UIElementsModule.dll)
ASSEMBLY OVERRIDES: * override found for Unity assembly UnityEditor.UIElementsModule.dll (override path Library/ScriptAssemblies/UnityEditor.UIElementsModule.dll)
System.Reflection.TargetInvocationException: Exception has been thrown by the target of an invocation. ---> UnityEngine.UnityException: The MakeClientFunc has already been registered. Registration denied.
  at UnityEngine.UIElements.DragAndDropUtility.RegisterMakeClientFunc (System.Func`1[TResult] makeClient) [0x00017] in <e46dd5ac4b30482e844884101ac1d3bd>:0 
  at UnityEditor.UIElements.EditorDragAndDrop.RegisterEditorClient () [0x0000a] in <31768fe99cfe4466aa4a401169fb2ce5>:0 
  at (wrapper managed-to-native) System.Reflection.MonoMethod.InternalInvoke(System.Reflection.MonoMethod,object,object[],System.Exception&)
  at System.Reflection.MonoMethod.Invoke (System.Object obj, System.Reflection.BindingFlags invokeAttr, System.Reflection.Binder binder, System.Object[] parameters, System.Globalization.CultureInfo culture) [0x00032] in <695d1cc93cca45069c528c15c9fdd749>:0 
   --- End of inner exception stack trace ---
  at System.Reflection.MonoMethod.Invoke (System.Object obj, System.Reflection.BindingFlags invokeAttr, System.Reflection.Binder binder, System.Object[] parameters, System.Globalization.CultureInfo culture) [0x00048] in <695d1cc93cca45069c528c15c9fdd749>:0 
  at System.Reflection.MethodBase.Invoke (System.Object obj, System.Object[] parameters) [0x00000] in <695d1cc93cca45069c528c15c9fdd749>:0 
  at UnityEditor.EditorAssemblies.ProcessInitializeOnLoadMethodAttributes () [0x00047] in <ef3b6bf002d8435a97b4e938f6c49b02>:0 
UnityEngine.StackTraceUtility:ExtractStackTrace ()
UnityEngine.DebugLogHandler:LogFormat (UnityEngine.LogType,UnityEngine.Object,string,object[])
UnityEngine.Logger:Log (UnityEngine.LogType,object)
UnityEngine.Debug:LogError (object)
UnityEditor.EditorAssemblies:ProcessInitializeOnLoadMethodAttributes ()

ASSEMBLY OVERRIDES: * override found for Unity assembly UnityEngine.UIElementsModule.dll (override path Library/ScriptAssemblies/UnityEngine.UIElementsModule.dll)
ASSEMBLY OVERRIDES: * override found for Unity assembly UnityEditor.UIElementsModule.dll (override path Library/ScriptAssemblies/UnityEditor.UIElementsModule.dll)
Mono: successfully reloaded assembly
ArgumentException: An item with the same key has already been added. Key: UnityEditor.UIElements.EditorAtlasMonitorInjector
Parameter name: key
  at System.Collections.Generic.SortedList`2[TKey,TValue].Add (TKey key, TValue value) [0x00041] in <0463b2ef957545c0a51b42f372cd4fbb>:0 
  at UnityEditor.AssetPostprocessingInternal.GetTextureProcessorsHashString () [0x000a2] in <ef3b6bf002d8435a97b4e938f6c49b02>:0 
UnityEngine.DebugLogHandler:Internal_LogException(Exception, Object)
UnityEngine.DebugLogHandler:LogException(Exception, Object)
UnityEngine.Logger:LogException(Exception, Object)
UnityEngine.Debug:LogException(Exception)
UnityEditor.AssetPostprocessingInternal:GetTextureProcessorsHashString()

- Completed reload, in  0.940 seconds
Domain Reload Profiling:
	ReloadAssembly (941ms)
		BeginReloadAssembly (100ms)
			ExecutionOrderSort (0ms)
			DisableScriptedObjects (5ms)
			BackupInstance (0ms)
			ReleaseScriptingObjects (0ms)
			CreateAndSetChildDomain (33ms)
		EndReloadAssembly (786ms)
			LoadAssemblies (80ms)
			RebuildTransferFunctionScriptingTraits (0ms)
			SetupTypeCache (250ms)
			ReleaseScriptCaches (1ms)
			RebuildScriptCaches (41ms)
			SetupLoadedEditorAssemblies (318ms)
				LogAssemblyErrors (0ms)
				InitializePlatformSupportModulesInManaged (5ms)
				SetLoadedEditorAssemblies (0ms)
				RefreshPlugins (1ms)
				BeforeProcessingInitializeOnLoad (63ms)
				ProcessInitializeOnLoadAttributes (232ms)
				ProcessInitializeOnLoadMethodAttributes (11ms)
				AfterProcessingInitializeOnLoad (6ms)
				EditorAssembliesLoaded (0ms)
			ExecutionOrderSort2 (0ms)
			AwakeInstancesAfterBackupRestoration (9ms)
Platform modules already initialized, skipping
Refreshing native plugins compatible for Editor in 1.00 ms, found 3 plugins.
Preloading 0 native plugins for Editor in 0.00 ms.
Unloading 2900 Unused Serialized files (Serialized files now loaded: 0)
System memory in use before: 127.4 MB.
System memory in use after: 127.3 MB.

Unloading 32 unused Assets to reduce memory usage. Loaded Objects now: 3365.
Total: 3.972700 ms (FindLiveObjects: 0.350000 ms CreateObjectMapping: 0.073200 ms MarkObjects: 3.295700 ms  DeleteObjects: 0.252700 ms)

AssetImportParameters requested are different than current active one (requested -> active):
  custom:framework-win-MediaFoundation: 216162199b28c13a410421893ffa2e32 -> 
  custom:video-decoder-ogg-theora: a1e56fd34408186e4bbccfd4996cb3dc -> 
  custom:container-muxer-webm: aa71ff27fc2769a1b78a27578f13a17b -> 
  custom:container-demuxer-webm: 4f35f7cbe854078d1ac9338744f61a02 -> 
  custom:container-demuxer-ogg: 62fdf1f143b41e24485cea50d1cbac27 -> 
  custom:video-encoder-webm-vp8: eb34c28f22e8b96e1ab97ce403110664 -> 
  custom:video-decoder-webm-vp8: 9c59270c3fd7afecdb556c50c9e8de78 -> 
  custom:audio-decoder-ogg-vorbis: bf7c407c2cedff20999df2af8eb42d56 -> 
  custom:audio-encoder-webm-vorbis: bf7c407c2cedff20999df2af8eb42d56 -> 
========================================================================
Received Prepare
Registering precompiled user dll's ...
Registered in 0.004838 seconds.
ASSEMBLY OVERRIDES: * override found for Unity assembly UnityEngine.UIElementsModule.dll (override path Library/ScriptAssemblies/UnityEngine.UIElementsModule.dll)
ASSEMBLY OVERRIDES: * override found for Unity assembly UnityEditor.UIElementsModule.dll (override path Library/ScriptAssemblies/UnityEditor.UIElementsModule.dll)
Begin MonoManager ReloadAssembly
Symbol file LoadedFromMemory is not a mono symbol file
Error: Could not load signature of Unity.UI.Builder.BuilderTextShadow:.ctor due to: Could not resolve type with token 010000e6 (from typeref, class/assembly UnityEngine.UIElements.StyleTextShadow, UnityEngine.UIElementsModule, Version=1.0.0.0, Culture=neutral, PublicKeyToken=null) assembly:UnityEngine.UIElementsModule, Version=1.0.0.0, Culture=neutral, PublicKeyToken=null type:UnityEngine.UIElements.StyleTextShadow member:(null) signature:<none>

The scripted importer 'UIElementsViewImporter' attempted to register file type '.uxml', which is handled by a native Unity importer. Registration rejected.
UnityEngine.StackTraceUtility:ExtractStackTrace ()
UnityEditor.AssetImporters.ScriptedImporter:RegisterScriptedImporters ()

[C:\buildslave\unity\build\Modules/AssetDatabase/Editor/Public/ImporterRegistry.cpp line 245]

The scripted importer 'StyleSheetImporter' attempted to register file type '.uss', which is handled by a native Unity importer. Registration rejected.
UnityEngine.StackTraceUtility:ExtractStackTrace ()
UnityEditor.AssetImporters.ScriptedImporter:RegisterScriptedImporters ()

[C:\buildslave\unity\build\Modules/AssetDatabase/Editor/Public/ImporterRegistry.cpp line 245]

The scripted importer 'ThemeStyleSheetImporter' attempted to register file type '.tss', which is handled by a native Unity importer. Registration rejected.
UnityEngine.StackTraceUtility:ExtractStackTrace ()
UnityEditor.AssetImporters.ScriptedImporter:RegisterScriptedImporters ()

[C:\buildslave\unity\build\Modules/AssetDatabase/Editor/Public/ImporterRegistry.cpp line 245]

Unloading broken assembly Library/ScriptAssemblies/UnityEditor.UIBuilderModule.dll, this assembly can cause crashes in the runtime

Native extension for WindowsStandalone target not found
Native extension for WebGL target not found
Refreshing native plugins compatible for Editor in 0.93 ms, found 3 plugins.
Preloading 0 native plugins for Editor in 0.00 ms.
ASSEMBLY OVERRIDES: * override found for Unity assembly UnityEngine.UIElementsModule.dll (override path Library/ScriptAssemblies/UnityEngine.UIElementsModule.dll)
ASSEMBLY OVERRIDES: * override found for Unity assembly UnityEditor.UIElementsModule.dll (override path Library/ScriptAssemblies/UnityEditor.UIElementsModule.dll)
System.Reflection.TargetInvocationException: Exception has been thrown by the target of an invocation. ---> UnityEngine.UnityException: The MakeClientFunc has already been registered. Registration denied.
  at UnityEngine.UIElements.DragAndDropUtility.RegisterMakeClientFunc (System.Func`1[TResult] makeClient) [0x00017] in <e46dd5ac4b30482e844884101ac1d3bd>:0 
  at UnityEditor.UIElements.EditorDragAndDrop.RegisterEditorClient () [0x0000a] in <31768fe99cfe4466aa4a401169fb2ce5>:0 
  at (wrapper managed-to-native) System.Reflection.MonoMethod.InternalInvoke(System.Reflection.MonoMethod,object,object[],System.Exception&)
  at System.Reflection.MonoMethod.Invoke (System.Object obj, System.Reflection.BindingFlags invokeAttr, System.Reflection.Binder binder, System.Object[] parameters, System.Globalization.CultureInfo culture) [0x00032] in <695d1cc93cca45069c528c15c9fdd749>:0 
   --- End of inner exception stack trace ---
  at System.Reflection.MonoMethod.Invoke (System.Object obj, System.Reflection.BindingFlags invokeAttr, System.Reflection.Binder binder, System.Object[] parameters, System.Globalization.CultureInfo culture) [0x00048] in <695d1cc93cca45069c528c15c9fdd749>:0 
  at System.Reflection.MethodBase.Invoke (System.Object obj, System.Object[] parameters) [0x00000] in <695d1cc93cca45069c528c15c9fdd749>:0 
  at UnityEditor.EditorAssemblies.ProcessInitializeOnLoadMethodAttributes () [0x00047] in <ef3b6bf002d8435a97b4e938f6c49b02>:0 
UnityEngine.StackTraceUtility:ExtractStackTrace ()
UnityEngine.DebugLogHandler:LogFormat (UnityEngine.LogType,UnityEngine.Object,string,object[])
UnityEngine.Logger:Log (UnityEngine.LogType,object)
UnityEngine.Debug:LogError (object)
UnityEditor.EditorAssemblies:ProcessInitializeOnLoadMethodAttributes ()

ASSEMBLY OVERRIDES: * override found for Unity assembly UnityEngine.UIElementsModule.dll (override path Library/ScriptAssemblies/UnityEngine.UIElementsModule.dll)
ASSEMBLY OVERRIDES: * override found for Unity assembly UnityEditor.UIElementsModule.dll (override path Library/ScriptAssemblies/UnityEditor.UIElementsModule.dll)
Mono: successfully reloaded assembly
ArgumentException: An item with the same key has already been added. Key: UnityEditor.UIElements.EditorAtlasMonitorInjector
Parameter name: key
  at System.Collections.Generic.SortedList`2[TKey,TValue].Add (TKey key, TValue value) [0x00041] in <0463b2ef957545c0a51b42f372cd4fbb>:0 
  at UnityEditor.AssetPostprocessingInternal.GetTextureProcessorsHashString () [0x000a2] in <ef3b6bf002d8435a97b4e938f6c49b02>:0 
UnityEngine.DebugLogHandler:Internal_LogException(Exception, Object)
UnityEngine.DebugLogHandler:LogException(Exception, Object)
UnityEngine.Logger:LogException(Exception, Object)
UnityEngine.Debug:LogException(Exception)
UnityEditor.AssetPostprocessingInternal:GetTextureProcessorsHashString()

- Completed reload, in  0.920 seconds
Domain Reload Profiling:
	ReloadAssembly (921ms)
		BeginReloadAssembly (97ms)
			ExecutionOrderSort (0ms)
			DisableScriptedObjects (6ms)
			BackupInstance (0ms)
			ReleaseScriptingObjects (0ms)
			CreateAndSetChildDomain (32ms)
		EndReloadAssembly (768ms)
			LoadAssemblies (81ms)
			RebuildTransferFunctionScriptingTraits (0ms)
			SetupTypeCache (246ms)
			ReleaseScriptCaches (1ms)
			RebuildScriptCaches (40ms)
			SetupLoadedEditorAssemblies (311ms)
				LogAssemblyErrors (0ms)
				InitializePlatformSupportModulesInManaged (5ms)
				SetLoadedEditorAssemblies (0ms)
				RefreshPlugins (1ms)
				BeforeProcessingInitializeOnLoad (61ms)
				ProcessInitializeOnLoadAttributes (229ms)
				ProcessInitializeOnLoadMethodAttributes (10ms)
				AfterProcessingInitializeOnLoad (5ms)
				EditorAssembliesLoaded (0ms)
			ExecutionOrderSort2 (0ms)
			AwakeInstancesAfterBackupRestoration (8ms)
Platform modules already initialized, skipping
Refreshing native plugins compatible for Editor in 0.84 ms, found 3 plugins.
Preloading 0 native plugins for Editor in 0.00 ms.
Unloading 2900 Unused Serialized files (Serialized files now loaded: 0)
System memory in use before: 127.4 MB.
System memory in use after: 127.3 MB.

Unloading 32 unused Assets to reduce memory usage. Loaded Objects now: 3368.
Total: 3.392100 ms (FindLiveObjects: 0.278000 ms CreateObjectMapping: 0.073000 ms MarkObjects: 2.813000 ms  DeleteObjects: 0.226900 ms)

AssetImportParameters requested are different than current active one (requested -> active):
  custom:framework-win-MediaFoundation: 216162199b28c13a410421893ffa2e32 -> 
  custom:video-decoder-ogg-theora: a1e56fd34408186e4bbccfd4996cb3dc -> 
  custom:container-muxer-webm: aa71ff27fc2769a1b78a27578f13a17b -> 
  custom:container-demuxer-webm: 4f35f7cbe854078d1ac9338744f61a02 -> 
  custom:container-demuxer-ogg: 62fdf1f143b41e24485cea50d1cbac27 -> 
  custom:video-encoder-webm-vp8: eb34c28f22e8b96e1ab97ce403110664 -> 
  custom:video-decoder-webm-vp8: 9c59270c3fd7afecdb556c50c9e8de78 -> 
  custom:audio-decoder-ogg-vorbis: bf7c407c2cedff20999df2af8eb42d56 -> 
  custom:audio-encoder-webm-vorbis: bf7c407c2cedff20999df2af8eb42d56 -> 
========================================================================
Received Prepare
Registering precompiled user dll's ...
Registered in 0.004808 seconds.
ASSEMBLY OVERRIDES: * override found for Unity assembly UnityEngine.UIElementsModule.dll (override path Library/ScriptAssemblies/UnityEngine.UIElementsModule.dll)
ASSEMBLY OVERRIDES: * override found for Unity assembly UnityEditor.UIElementsModule.dll (override path Library/ScriptAssemblies/UnityEditor.UIElementsModule.dll)
Begin MonoManager ReloadAssembly
Symbol file LoadedFromMemory is not a mono symbol file
Error: Could not load signature of Unity.UI.Builder.BuilderTextShadow:.ctor due to: Could not resolve type with token 010000e6 (from typeref, class/assembly UnityEngine.UIElements.StyleTextShadow, UnityEngine.UIElementsModule, Version=1.0.0.0, Culture=neutral, PublicKeyToken=null) assembly:UnityEngine.UIElementsModule, Version=1.0.0.0, Culture=neutral, PublicKeyToken=null type:UnityEngine.UIElements.StyleTextShadow member:(null) signature:<none>

The scripted importer 'UIElementsViewImporter' attempted to register file type '.uxml', which is handled by a native Unity importer. Registration rejected.
UnityEngine.StackTraceUtility:ExtractStackTrace ()
UnityEditor.AssetImporters.ScriptedImporter:RegisterScriptedImporters ()

[C:\buildslave\unity\build\Modules/AssetDatabase/Editor/Public/ImporterRegistry.cpp line 245]

The scripted importer 'StyleSheetImporter' attempted to register file type '.uss', which is handled by a native Unity importer. Registration rejected.
UnityEngine.StackTraceUtility:ExtractStackTrace ()
UnityEditor.AssetImporters.ScriptedImporter:RegisterScriptedImporters ()

[C:\buildslave\unity\build\Modules/AssetDatabase/Editor/Public/ImporterRegistry.cpp line 245]

The scripted importer 'ThemeStyleSheetImporter' attempted to register file type '.tss', which is handled by a native Unity importer. Registration rejected.
UnityEngine.StackTraceUtility:ExtractStackTrace ()
UnityEditor.AssetImporters.ScriptedImporter:RegisterScriptedImporters ()

[C:\buildslave\unity\build\Modules/AssetDatabase/Editor/Public/ImporterRegistry.cpp line 245]

Unloading broken assembly Library/ScriptAssemblies/UnityEditor.UIBuilderModule.dll, this assembly can cause crashes in the runtime

Native extension for WindowsStandalone target not found
Native extension for WebGL target not found
Refreshing native plugins compatible for Editor in 0.84 ms, found 3 plugins.
Preloading 0 native plugins for Editor in 0.00 ms.
ASSEMBLY OVERRIDES: * override found for Unity assembly UnityEngine.UIElementsModule.dll (override path Library/ScriptAssemblies/UnityEngine.UIElementsModule.dll)
ASSEMBLY OVERRIDES: * override found for Unity assembly UnityEditor.UIElementsModule.dll (override path Library/ScriptAssemblies/UnityEditor.UIElementsModule.dll)
System.Reflection.TargetInvocationException: Exception has been thrown by the target of an invocation. ---> UnityEngine.UnityException: The MakeClientFunc has already been registered. Registration denied.
  at UnityEngine.UIElements.DragAndDropUtility.RegisterMakeClientFunc (System.Func`1[TResult] makeClient) [0x00017] in <e46dd5ac4b30482e844884101ac1d3bd>:0 
  at UnityEditor.UIElements.EditorDragAndDrop.RegisterEditorClient () [0x0000a] in <31768fe99cfe4466aa4a401169fb2ce5>:0 
  at (wrapper managed-to-native) System.Reflection.MonoMethod.InternalInvoke(System.Reflection.MonoMethod,object,object[],System.Exception&)
  at System.Reflection.MonoMethod.Invoke (System.Object obj, System.Reflection.BindingFlags invokeAttr, System.Reflection.Binder binder, System.Object[] parameters, System.Globalization.CultureInfo culture) [0x00032] in <695d1cc93cca45069c528c15c9fdd749>:0 
   --- End of inner exception stack trace ---
  at System.Reflection.MonoMethod.Invoke (System.Object obj, System.Reflection.BindingFlags invokeAttr, System.Reflection.Binder binder, System.Object[] parameters, System.Globalization.CultureInfo culture) [0x00048] in <695d1cc93cca45069c528c15c9fdd749>:0 
  at System.Reflection.MethodBase.Invoke (System.Object obj, System.Object[] parameters) [0x00000] in <695d1cc93cca45069c528c15c9fdd749>:0 
  at UnityEditor.EditorAssemblies.ProcessInitializeOnLoadMethodAttributes () [0x00047] in <ef3b6bf002d8435a97b4e938f6c49b02>:0 
UnityEngine.StackTraceUtility:ExtractStackTrace ()
UnityEngine.DebugLogHandler:LogFormat (UnityEngine.LogType,UnityEngine.Object,string,object[])
UnityEngine.Logger:Log (UnityEngine.LogType,object)
UnityEngine.Debug:LogError (object)
UnityEditor.EditorAssemblies:ProcessInitializeOnLoadMethodAttributes ()

ASSEMBLY OVERRIDES: * override found for Unity assembly UnityEngine.UIElementsModule.dll (override path Library/ScriptAssemblies/UnityEngine.UIElementsModule.dll)
ASSEMBLY OVERRIDES: * override found for Unity assembly UnityEditor.UIElementsModule.dll (override path Library/ScriptAssemblies/UnityEditor.UIElementsModule.dll)
Mono: successfully reloaded assembly
ArgumentException: An item with the same key has already been added. Key: UnityEditor.UIElements.EditorAtlasMonitorInjector
Parameter name: key
  at System.Collections.Generic.SortedList`2[TKey,TValue].Add (TKey key, TValue value) [0x00041] in <0463b2ef957545c0a51b42f372cd4fbb>:0 
  at UnityEditor.AssetPostprocessingInternal.GetTextureProcessorsHashString () [0x000a2] in <ef3b6bf002d8435a97b4e938f6c49b02>:0 
UnityEngine.DebugLogHandler:Internal_LogException(Exception, Object)
UnityEngine.DebugLogHandler:LogException(Exception, Object)
UnityEngine.Logger:LogException(Exception, Object)
UnityEngine.Debug:LogException(Exception)
UnityEditor.AssetPostprocessingInternal:GetTextureProcessorsHashString()

- Completed reload, in  0.912 seconds
Domain Reload Profiling:
	ReloadAssembly (912ms)
		BeginReloadAssembly (95ms)
			ExecutionOrderSort (0ms)
			DisableScriptedObjects (5ms)
			BackupInstance (0ms)
			ReleaseScriptingObjects (0ms)
			CreateAndSetChildDomain (31ms)
		EndReloadAssembly (761ms)
			LoadAssemblies (80ms)
			RebuildTransferFunctionScriptingTraits (0ms)
			SetupTypeCache (242ms)
			ReleaseScriptCaches (1ms)
			RebuildScriptCaches (41ms)
			SetupLoadedEditorAssemblies (309ms)
				LogAssemblyErrors (0ms)
				InitializePlatformSupportModulesInManaged (5ms)
				SetLoadedEditorAssemblies (0ms)
				RefreshPlugins (1ms)
				BeforeProcessingInitializeOnLoad (60ms)
				ProcessInitializeOnLoadAttributes (227ms)
				ProcessInitializeOnLoadMethodAttributes (10ms)
				AfterProcessingInitializeOnLoad (6ms)
				EditorAssembliesLoaded (0ms)
			ExecutionOrderSort2 (0ms)
			AwakeInstancesAfterBackupRestoration (9ms)
Platform modules already initialized, skipping
Refreshing native plugins compatible for Editor in 0.82 ms, found 3 plugins.
Preloading 0 native plugins for Editor in 0.00 ms.
Unloading 2900 Unused Serialized files (Serialized files now loaded: 0)
System memory in use before: 127.5 MB.
System memory in use after: 127.3 MB.

Unloading 32 unused Assets to reduce memory usage. Loaded Objects now: 3371.
Total: 3.358300 ms (FindLiveObjects: 0.306000 ms CreateObjectMapping: 0.072900 ms MarkObjects: 2.726300 ms  DeleteObjects: 0.252000 ms)

AssetImportParameters requested are different than current active one (requested -> active):
  custom:framework-win-MediaFoundation: 216162199b28c13a410421893ffa2e32 -> 
  custom:video-decoder-ogg-theora: a1e56fd34408186e4bbccfd4996cb3dc -> 
  custom:container-muxer-webm: aa71ff27fc2769a1b78a27578f13a17b -> 
  custom:container-demuxer-webm: 4f35f7cbe854078d1ac9338744f61a02 -> 
  custom:container-demuxer-ogg: 62fdf1f143b41e24485cea50d1cbac27 -> 
  custom:video-encoder-webm-vp8: eb34c28f22e8b96e1ab97ce403110664 -> 
  custom:video-decoder-webm-vp8: 9c59270c3fd7afecdb556c50c9e8de78 -> 
  custom:audio-decoder-ogg-vorbis: bf7c407c2cedff20999df2af8eb42d56 -> 
  custom:audio-encoder-webm-vorbis: bf7c407c2cedff20999df2af8eb42d56 -> 
========================================================================
Received Prepare
Registering precompiled user dll's ...
Registered in 0.004597 seconds.
ASSEMBLY OVERRIDES: * override found for Unity assembly UnityEngine.UIElementsModule.dll (override path Library/ScriptAssemblies/UnityEngine.UIElementsModule.dll)
ASSEMBLY OVERRIDES: * override found for Unity assembly UnityEditor.UIElementsModule.dll (override path Library/ScriptAssemblies/UnityEditor.UIElementsModule.dll)
Begin MonoManager ReloadAssembly
Symbol file LoadedFromMemory is not a mono symbol file
Error: Could not load signature of Unity.UI.Builder.BuilderTextShadow:.ctor due to: Could not resolve type with token 010000e6 (from typeref, class/assembly UnityEngine.UIElements.StyleTextShadow, UnityEngine.UIElementsModule, Version=1.0.0.0, Culture=neutral, PublicKeyToken=null) assembly:UnityEngine.UIElementsModule, Version=1.0.0.0, Culture=neutral, PublicKeyToken=null type:UnityEngine.UIElements.StyleTextShadow member:(null) signature:<none>

The scripted importer 'UIElementsViewImporter' attempted to register file type '.uxml', which is handled by a native Unity importer. Registration rejected.
UnityEngine.StackTraceUtility:ExtractStackTrace ()
UnityEditor.AssetImporters.ScriptedImporter:RegisterScriptedImporters ()

[C:\buildslave\unity\build\Modules/AssetDatabase/Editor/Public/ImporterRegistry.cpp line 245]

The scripted importer 'StyleSheetImporter' attempted to register file type '.uss', which is handled by a native Unity importer. Registration rejected.
UnityEngine.StackTraceUtility:ExtractStackTrace ()
UnityEditor.AssetImporters.ScriptedImporter:RegisterScriptedImporters ()

[C:\buildslave\unity\build\Modules/AssetDatabase/Editor/Public/ImporterRegistry.cpp line 245]

The scripted importer 'ThemeStyleSheetImporter' attempted to register file type '.tss', which is handled by a native Unity importer. Registration rejected.
UnityEngine.StackTraceUtility:ExtractStackTrace ()
UnityEditor.AssetImporters.ScriptedImporter:RegisterScriptedImporters ()

[C:\buildslave\unity\build\Modules/AssetDatabase/Editor/Public/ImporterRegistry.cpp line 245]

Unloading broken assembly Library/ScriptAssemblies/UnityEditor.UIBuilderModule.dll, this assembly can cause crashes in the runtime

Native extension for WindowsStandalone target not found
Native extension for WebGL target not found
Refreshing native plugins compatible for Editor in 0.88 ms, found 3 plugins.
Preloading 0 native plugins for Editor in 0.00 ms.
ASSEMBLY OVERRIDES: * override found for Unity assembly UnityEngine.UIElementsModule.dll (override path Library/ScriptAssemblies/UnityEngine.UIElementsModule.dll)
ASSEMBLY OVERRIDES: * override found for Unity assembly UnityEditor.UIElementsModule.dll (override path Library/ScriptAssemblies/UnityEditor.UIElementsModule.dll)
System.Reflection.TargetInvocationException: Exception has been thrown by the target of an invocation. ---> UnityEngine.UnityException: The MakeClientFunc has already been registered. Registration denied.
  at UnityEngine.UIElements.DragAndDropUtility.RegisterMakeClientFunc (System.Func`1[TResult] makeClient) [0x00017] in <e46dd5ac4b30482e844884101ac1d3bd>:0 
  at UnityEditor.UIElements.EditorDragAndDrop.RegisterEditorClient () [0x0000a] in <31768fe99cfe4466aa4a401169fb2ce5>:0 
  at (wrapper managed-to-native) System.Reflection.MonoMethod.InternalInvoke(System.Reflection.MonoMethod,object,object[],System.Exception&)
  at System.Reflection.MonoMethod.Invoke (System.Object obj, System.Reflection.BindingFlags invokeAttr, System.Reflection.Binder binder, System.Object[] parameters, System.Globalization.CultureInfo culture) [0x00032] in <695d1cc93cca45069c528c15c9fdd749>:0 
   --- End of inner exception stack trace ---
  at System.Reflection.MonoMethod.Invoke (System.Object obj, System.Reflection.BindingFlags invokeAttr, System.Reflection.Binder binder, System.Object[] parameters, System.Globalization.CultureInfo culture) [0x00048] in <695d1cc93cca45069c528c15c9fdd749>:0 
  at System.Reflection.MethodBase.Invoke (System.Object obj, System.Object[] parameters) [0x00000] in <695d1cc93cca45069c528c15c9fdd749>:0 
  at UnityEditor.EditorAssemblies.ProcessInitializeOnLoadMethodAttributes () [0x00047] in <ef3b6bf002d8435a97b4e938f6c49b02>:0 
UnityEngine.StackTraceUtility:ExtractStackTrace ()
UnityEngine.DebugLogHandler:LogFormat (UnityEngine.LogType,UnityEngine.Object,string,object[])
UnityEngine.Logger:Log (UnityEngine.LogType,object)
UnityEngine.Debug:LogError (object)
UnityEditor.EditorAssemblies:ProcessInitializeOnLoadMethodAttributes ()

ASSEMBLY OVERRIDES: * override found for Unity assembly UnityEngine.UIElementsModule.dll (override path Library/ScriptAssemblies/UnityEngine.UIElementsModule.dll)
ASSEMBLY OVERRIDES: * override found for Unity assembly UnityEditor.UIElementsModule.dll (override path Library/ScriptAssemblies/UnityEditor.UIElementsModule.dll)
Mono: successfully reloaded assembly
ArgumentException: An item with the same key has already been added. Key: UnityEditor.UIElements.EditorAtlasMonitorInjector
Parameter name: key
  at System.Collections.Generic.SortedList`2[TKey,TValue].Add (TKey key, TValue value) [0x00041] in <0463b2ef957545c0a51b42f372cd4fbb>:0 
  at UnityEditor.AssetPostprocessingInternal.GetTextureProcessorsHashString () [0x000a2] in <ef3b6bf002d8435a97b4e938f6c49b02>:0 
UnityEngine.DebugLogHandler:Internal_LogException(Exception, Object)
UnityEngine.DebugLogHandler:LogException(Exception, Object)
UnityEngine.Logger:LogException(Exception, Object)
UnityEngine.Debug:LogException(Exception)
UnityEditor.AssetPostprocessingInternal:GetTextureProcessorsHashString()

- Completed reload, in  0.945 seconds
Domain Reload Profiling:
	ReloadAssembly (946ms)
		BeginReloadAssembly (94ms)
			ExecutionOrderSort (0ms)
			DisableScriptedObjects (5ms)
			BackupInstance (0ms)
			ReleaseScriptingObjects (0ms)
			CreateAndSetChildDomain (31ms)
		EndReloadAssembly (798ms)
			LoadAssemblies (78ms)
			RebuildTransferFunctionScriptingTraits (0ms)
			SetupTypeCache (252ms)
			ReleaseScriptCaches (1ms)
			RebuildScriptCaches (40ms)
			SetupLoadedEditorAssemblies (312ms)
				LogAssemblyErrors (0ms)
				InitializePlatformSupportModulesInManaged (5ms)
				SetLoadedEditorAssemblies (0ms)
				RefreshPlugins (1ms)
				BeforeProcessingInitializeOnLoad (60ms)
				ProcessInitializeOnLoadAttributes (231ms)
				ProcessInitializeOnLoadMethodAttributes (10ms)
				AfterProcessingInitializeOnLoad (5ms)
				EditorAssembliesLoaded (0ms)
			ExecutionOrderSort2 (0ms)
			AwakeInstancesAfterBackupRestoration (8ms)
Platform modules already initialized, skipping
Refreshing native plugins compatible for Editor in 0.85 ms, found 3 plugins.
Preloading 0 native plugins for Editor in 0.00 ms.
Unloading 2900 Unused Serialized files (Serialized files now loaded: 0)
System memory in use before: 127.5 MB.
System memory in use after: 127.3 MB.

Unloading 32 unused Assets to reduce memory usage. Loaded Objects now: 3374.
Total: 3.776000 ms (FindLiveObjects: 0.331300 ms CreateObjectMapping: 0.074000 ms MarkObjects: 3.085800 ms  DeleteObjects: 0.283700 ms)

AssetImportParameters requested are different than current active one (requested -> active):
  custom:framework-win-MediaFoundation: 216162199b28c13a410421893ffa2e32 -> 
  custom:video-decoder-ogg-theora: a1e56fd34408186e4bbccfd4996cb3dc -> 
  custom:container-muxer-webm: aa71ff27fc2769a1b78a27578f13a17b -> 
  custom:container-demuxer-webm: 4f35f7cbe854078d1ac9338744f61a02 -> 
  custom:container-demuxer-ogg: 62fdf1f143b41e24485cea50d1cbac27 -> 
  custom:video-encoder-webm-vp8: eb34c28f22e8b96e1ab97ce403110664 -> 
  custom:video-decoder-webm-vp8: 9c59270c3fd7afecdb556c50c9e8de78 -> 
  custom:audio-decoder-ogg-vorbis: bf7c407c2cedff20999df2af8eb42d56 -> 
  custom:audio-encoder-webm-vorbis: bf7c407c2cedff20999df2af8eb42d56 -> 
AssetImportWorkerClient::OnTransportError - code=2 error=End of file
